[    0.000000] Initializing cgroup subsys cpuset
[    0.000000] Initializing cgroup subsys cpu
[    0.000000] Initializing cgroup subsys cpuacct
[    0.000000] Linux version 4.4.0-178-generic (buildd@lgw01-amd64-017) (gcc version 5.4.0 20160609 (Ubuntu 5.4.0-6ubuntu1~16.04.12) ) #208-Ubuntu SMP Sun Apr 5 23:45:10 UTC 2020 (Ubuntu 4.4.0-178.208-generic 4.4.217)
[    0.000000] Command line: BOOT_IMAGE=/boot/vmlinuz-4.4.0-178-generic root=LABEL=cloudimg-rootfs ro console=tty1 console=ttyS0
[    0.000000] KERNEL supported cpus:
[    0.000000]   Intel GenuineIntel
[    0.000000]   AMD AuthenticAMD
[    0.000000]   Centaur CentaurHauls
[    0.000000] x86/fpu: Legacy x87 FPU detected.
[    0.000000] e820: BIOS-provided physical RAM map:
[    0.000000] BIOS-e820: [mem 0x0000000000000000-0x000000000009fbff] usable
[    0.000000] BIOS-e820: [mem 0x000000000009fc00-0x000000000009ffff] reserved
[    0.000000] BIOS-e820: [mem 0x00000000000f0000-0x00000000000fffff] reserved
[    0.000000] BIOS-e820: [mem 0x0000000000100000-0x000000007ffeffff] usable
[    0.000000] BIOS-e820: [mem 0x000000007fff0000-0x000000007fffffff] ACPI data
[    0.000000] BIOS-e820: [mem 0x00000000fec00000-0x00000000fec00fff] reserved
[    0.000000] BIOS-e820: [mem 0x00000000fee00000-0x00000000fee00fff] reserved
[    0.000000] BIOS-e820: [mem 0x00000000fffc0000-0x00000000ffffffff] reserved
[    0.000000] NX (Execute Disable) protection: active
[    0.000000] SMBIOS 2.5 present.
[    0.000000] Hypervisor detected: KVM
[    0.000000] e820: last_pfn = 0x7fff0 max_arch_pfn = 0x400000000
[    0.000000] MTRR: Disabled
[    0.000000] x86/PAT: MTRRs disabled, skipping PAT initialization too.
[    0.000000] CPU MTRRs all blank - virtualized system.
[    0.000000] x86/PAT: Configuration [0-7]: WB  WT  UC- UC  WB  WT  UC- UC  
[    0.000000] found SMP MP-table at [mem 0x0009fff0-0x0009ffff] mapped at [ffff88000009fff0]
[    0.000000] Scanning 1 areas for low memory corruption
[    0.000000] RAMDISK: [mem 0x362e0000-0x37167fff]
[    0.000000] ACPI: Early table checksum verification disabled
[    0.000000] ACPI: RSDP 0x00000000000E0000 000024 (v02 VBOX  )
[    0.000000] ACPI: XSDT 0x000000007FFF0030 00003C (v01 VBOX   VBOXXSDT 00000001 ASL  00000061)
[    0.000000] ACPI: FACP 0x000000007FFF00F0 0000F4 (v04 VBOX   VBOXFACP 00000001 ASL  00000061)
[    0.000000] ACPI: DSDT 0x000000007FFF0470 002325 (v02 VBOX   VBOXBIOS 00000002 INTL 20100528)
[    0.000000] ACPI: FACS 0x000000007FFF0200 000040
[    0.000000] ACPI: FACS 0x000000007FFF0200 000040
[    0.000000] ACPI: APIC 0x000000007FFF0240 000054 (v02 VBOX   VBOXAPIC 00000001 ASL  00000061)
[    0.000000] ACPI: SSDT 0x000000007FFF02A0 0001CC (v01 VBOX   VBOXCPUT 00000002 INTL 20100528)
[    0.000000] No NUMA configuration found
[    0.000000] Faking a node at [mem 0x0000000000000000-0x000000007ffeffff]
[    0.000000] NODE_DATA(0) allocated [mem 0x7ffeb000-0x7ffeffff]
[    0.000000] kvm-clock: Using msrs 4b564d01 and 4b564d00
[    0.000000] kvm-clock: cpu 0, msr 0:7ffe3001, primary cpu clock
[    0.000000] kvm-clock: using sched offset of 3921240591 cycles
[    0.000000] clocksource: kvm-clock: mask: 0xffffffffffffffff max_cycles: 0x1cd42e4dffb, max_idle_ns: 881590591483 ns
[    0.000000] Zone ranges:
[    0.000000]   DMA      [mem 0x0000000000001000-0x0000000000ffffff]
[    0.000000]   DMA32    [mem 0x0000000001000000-0x000000007ffeffff]
[    0.000000]   Normal   empty
[    0.000000]   Device   empty
[    0.000000] Movable zone start for each node
[    0.000000] Early memory node ranges
[    0.000000]   node   0: [mem 0x0000000000001000-0x000000000009efff]
[    0.000000]   node   0: [mem 0x0000000000100000-0x000000007ffeffff]
[    0.000000] Initmem setup node 0 [mem 0x0000000000001000-0x000000007ffeffff]
[    0.000000] ACPI: PM-Timer IO Port: 0x4008
[    0.000000] IOAPIC[0]: apic_id 1, version 32, address 0xfec00000, GSI 0-23
[    0.000000] ACPI: INT_SRC_OVR (bus 0 bus_irq 0 global_irq 2 dfl dfl)
[    0.000000] ACPI: INT_SRC_OVR (bus 0 bus_irq 9 global_irq 9 low level)
[    0.000000] Using ACPI (MADT) for SMP configuration information
[    0.000000] smpboot: Allowing 1 CPUs, 0 hotplug CPUs
[    0.000000] PM: Registered nosave memory: [mem 0x00000000-0x00000fff]
[    0.000000] PM: Registered nosave memory: [mem 0x0009f000-0x0009ffff]
[    0.000000] PM: Registered nosave memory: [mem 0x000a0000-0x000effff]
[    0.000000] PM: Registered nosave memory: [mem 0x000f0000-0x000fffff]
[    0.000000] e820: [mem 0x80000000-0xfebfffff] available for PCI devices
[    0.000000] Booting paravirtualized kernel on KVM
[    0.000000] clocksource: refined-jiffies: mask: 0xffffffff max_cycles: 0xffffffff, max_idle_ns: 7645519600211568 ns
[    0.000000] setup_percpu: NR_CPUS:512 nr_cpumask_bits:512 nr_cpu_ids:1 nr_node_ids:1
[    0.000000] PERCPU: Embedded 33 pages/cpu @ffff88007fc00000 s95448 r8192 d31528 u2097152
[    0.000000] Built 1 zonelists in Node order, mobility grouping on.  Total pages: 515960
[    0.000000] Policy zone: DMA32
[    0.000000] Kernel command line: BOOT_IMAGE=/boot/vmlinuz-4.4.0-178-generic root=LABEL=cloudimg-rootfs ro console=tty1 console=ttyS0
[    0.000000] PID hash table entries: 4096 (order: 3, 32768 bytes)
[    0.000000] Memory: 2029996K/2096696K available (8626K kernel code, 1336K rwdata, 4036K rodata, 1488K init, 1292K bss, 66700K reserved, 0K cma-reserved)
[    0.000000] SLUB: HWalign=64, Order=0-3, MinObjects=0, CPUs=1, Nodes=1
[    0.000000] Kernel/User page tables isolation: enabled
[    0.000000] Hierarchical RCU implementation.
[    0.000000] 	Build-time adjustment of leaf fanout to 64.
[    0.000000] 	RCU restricting CPUs from NR_CPUS=512 to nr_cpu_ids=1.
[    0.000000] RCU: Adjusting geometry for rcu_fanout_leaf=64, nr_cpu_ids=1
[    0.000000] NR_IRQS:33024 nr_irqs:256 16
[    0.000000] Console: colour VGA+ 80x25
[    0.000000] console [tty1] enabled
[    0.000000] console [ttyS0] enabled
[    0.000000] tsc: Detected 3398.028 MHz processor
[    0.617368] Calibrating delay loop (skipped) preset value.. 6796.05 BogoMIPS (lpj=13592112)
[    0.623591] pid_max: default: 32768 minimum: 301
[    0.626506] ACPI: Core revision 20150930
[    0.629764] ACPI: 2 ACPI AML tables successfully acquired and loaded
[    0.634864] Security Framework initialized
[    0.637530] Yama: becoming mindful.
[    0.640364] AppArmor: AppArmor initialized
[    0.643109] Dentry cache hash table entries: 262144 (order: 9, 2097152 bytes)
[    0.657730] Inode-cache hash table entries: 131072 (order: 8, 1048576 bytes)
[    0.666421] Mount-cache hash table entries: 4096 (order: 3, 32768 bytes)
[    0.670373] Mountpoint-cache hash table entries: 4096 (order: 3, 32768 bytes)
[    0.675458] Initializing cgroup subsys io
[    0.677886] Initializing cgroup subsys memory
[    0.681239] Initializing cgroup subsys devices
[    0.684186] Initializing cgroup subsys freezer
[    0.686970] Initializing cgroup subsys net_cls
[    0.689628] Initializing cgroup subsys perf_event
[    0.693219] Initializing cgroup subsys net_prio
[    0.696511] Initializing cgroup subsys hugetlb
[    0.699543] Initializing cgroup subsys pids
[    0.702931] mce: CPU supports 0 MCE banks
[    0.705788] Last level iTLB entries: 4KB 1024, 2MB 1024, 4MB 1024
[    0.710378] Last level dTLB entries: 4KB 1024, 2MB 1024, 4MB 1024, 1GB 4
[    0.714535] Spectre V1 : Mitigation: usercopy/swapgs barriers and __user pointer sanitization
[    0.719939] Spectre V2 : Mitigation: Full generic retpoline
[    0.723663] Spectre V2 : Spectre v2 / SpectreRSB mitigation: Filling RSB on context switch
[    0.728989] Speculative Store Bypass: Vulnerable
[    0.732522] MDS: Mitigation: Clear CPU buffers
[    0.833076] Freeing SMP alternatives memory: 36K
[    0.874801] ftrace: allocating 32308 entries in 127 pages
[    1.352889] smpboot: APIC(0) Converting physical 0 to logical package 0
[    1.357689] smpboot: Max logical packages: 1
[    1.372281] ..TIMER: vector=0x30 apic1=0 pin1=2 apic2=-1 pin2=-1
[    1.485288] smpboot: CPU0: Intel(R) Core(TM) i7-4770 CPU @ 3.40GHz (family: 0x6, model: 0x3c, stepping: 0x3)
[    1.493842] Performance Events: unsupported p6 CPU model 60 no PMU driver, software events only.
[    1.543313] KVM setup paravirtual spinlock
[    1.547324] x86: Booted up 1 node, 1 CPUs
[    1.550228] smpboot: Total of 1 processors activated (6796.05 BogoMIPS)
[    1.556972] devtmpfs: initialized
[    1.560850] evm: security.selinux
[    1.562921] evm: security.SMACK64
[    1.565023] evm: security.SMACK64EXEC
[    1.567244] evm: security.SMACK64TRANSMUTE
[    1.569921] evm: security.SMACK64MMAP
[    1.572455] evm: security.ima
[    1.574391] evm: security.capability
[    1.576871] clocksource: jiffies: mask: 0xffffffff max_cycles: 0xffffffff, max_idle_ns: 7645041785100000 ns
[    1.582551] futex hash table entries: 256 (order: 2, 16384 bytes)
[    1.586893] pinctrl core: initialized pinctrl subsystem
[    1.590492] RTC time:  8:27:18, date: 07/09/20
[    1.593645] NET: Registered protocol family 16
[    1.596985] cpuidle: using governor ladder
[    1.599494] cpuidle: using governor menu
[    1.602470] PCCT header not found.
[    1.604673] ACPI: bus type PCI registered
[    1.607224] acpiphp: ACPI Hot Plug PCI Controller Driver version: 0.5
[    1.612123] PCI: Using configuration type 1 for base access
[    1.618952] ACPI: Added _OSI(Module Device)
[    1.621786] ACPI: Added _OSI(Processor Device)
[    1.624775] ACPI: Added _OSI(3.0 _SCP Extensions)
[    1.627720] ACPI: Added _OSI(Processor Aggregator Device)
[    1.632680] ACPI: Executed 1 blocks of module-level executable AML code
[    1.640400] ACPI: Interpreter enabled
[    1.643279] ACPI: (supports S0 S5)
[    1.645427] ACPI: Using IOAPIC for interrupt routing
[    1.648837] PCI: Using host bridge windows from ACPI; if necessary, use "pci=nocrs" and report a bug
[    1.659361] ACPI: PCI Root Bridge [PCI0] (domain 0000 [bus 00-ff])
[    1.663634] acpi PNP0A03:00: _OSC: OS supports [ASPM ClockPM Segments MSI]
[    1.668650] acpi PNP0A03:00: _OSC: not requesting OS control; OS requires [ExtendedConfig ASPM ClockPM MSI]
[    1.675892] acpi PNP0A03:00: fail to add MMCONFIG information, can't access extended PCI configuration space under this bridge.
[    1.684487] PCI host bridge to bus 0000:00
[    1.687123] pci_bus 0000:00: root bus resource [io  0x0000-0x0cf7 window]
[    1.692233] pci_bus 0000:00: root bus resource [io  0x0d00-0xffff window]
[    1.696267] pci_bus 0000:00: root bus resource [mem 0x000a0000-0x000bffff window]
[    1.701151] pci_bus 0000:00: root bus resource [mem 0x80000000-0xfdffffff window]
[    1.706048] pci_bus 0000:00: root bus resource [bus 00-ff]
[    1.712795] pci 0000:00:01.1: legacy IDE quirk: reg 0x10: [io  0x01f0-0x01f7]
[    1.717331] pci 0000:00:01.1: legacy IDE quirk: reg 0x14: [io  0x03f6]
[    1.721474] pci 0000:00:01.1: legacy IDE quirk: reg 0x18: [io  0x0170-0x0177]
[    1.725849] pci 0000:00:01.1: legacy IDE quirk: reg 0x1c: [io  0x0376]
[    1.988891] pci 0000:00:07.0: quirk: [io  0x4000-0x403f] claimed by PIIX4 ACPI
[    1.994173] pci 0000:00:07.0: quirk: [io  0x4100-0x410f] claimed by PIIX4 SMB
[    2.005093] ACPI: PCI Interrupt Link [LNKA] (IRQs 5 9 10 *11)
[    2.010443] ACPI: PCI Interrupt Link [LNKB] (IRQs 5 9 *10 11)
[    2.015996] ACPI: PCI Interrupt Link [LNKC] (IRQs 5 *9 10 11)
[    2.021110] ACPI: PCI Interrupt Link [LNKD] (IRQs 5 9 10 *11)
[    2.026147] ACPI: Enabled 2 GPEs in block 00 to 07
[    2.030172] vgaarb: setting as boot device: PCI:0000:00:02.0
[    2.033735] vgaarb: device added: PCI:0000:00:02.0,decodes=io+mem,owns=io+mem,locks=none
[    2.055900] vgaarb: loaded
[    2.057694] vgaarb: bridge control possible 0000:00:02.0
[    2.061334] SCSI subsystem initialized
[    2.064024] ACPI: bus type USB registered
[    2.067051] usbcore: registered new interface driver usbfs
[    2.071226] usbcore: registered new interface driver hub
[    2.075103] usbcore: registered new device driver usb
[    2.079027] PCI: Using ACPI for IRQ routing
[    2.082463] NetLabel: Initializing
[    2.084626] NetLabel:  domain hash size = 128
[    2.088048] NetLabel:  protocols = UNLABELED CIPSOv4
[    2.091209] NetLabel:  unlabeled traffic allowed by default
[    2.095164] amd_nb: Cannot enumerate AMD northbridges
[    2.098692] clocksource: Switched to clocksource kvm-clock
[    2.140784] AppArmor: AppArmor Filesystem Enabled
[    2.144031] pnp: PnP ACPI init
[    2.147208] pnp: PnP ACPI: found 3 devices
[    2.157204] clocksource: acpi_pm: mask: 0xffffff max_cycles: 0xffffff, max_idle_ns: 2085701024 ns
[    2.162947] NET: Registered protocol family 2
[    2.166024] TCP established hash table entries: 16384 (order: 5, 131072 bytes)
[    2.171526] TCP bind hash table entries: 16384 (order: 6, 262144 bytes)
[    2.176658] TCP: Hash tables configured (established 16384 bind 16384)
[    2.184231] UDP hash table entries: 1024 (order: 3, 32768 bytes)
[    2.188295] UDP-Lite hash table entries: 1024 (order: 3, 32768 bytes)
[    2.192532] NET: Registered protocol family 1
[    2.195282] pci 0000:00:00.0: Limiting direct PCI/PCI transfers
[    2.198634] pci 0000:00:01.0: Activating ISA DMA hang workarounds
[    2.203316] Unpacking initramfs...
[    2.583060] Freeing initrd memory: 14880K
[    2.586605] RAPL PMU detected, API unit is 2^-32 Joules, 4 fixed counters 10737418240 ms ovfl timer
[    2.593146] hw unit of domain pp0-core 2^-0 Joules
[    2.596378] hw unit of domain package 2^-0 Joules
[    2.599526] hw unit of domain dram 2^-0 Joules
[    2.602312] hw unit of domain pp1-gpu 2^-0 Joules
[    2.605949] clocksource: tsc: mask: 0xffffffffffffffff max_cycles: 0x30fb07ad39f, max_idle_ns: 440795254541 ns
[    2.612535] platform rtc_cmos: registered platform RTC device (no PNP device found)
[    2.617385] Scanning for low memory corruption every 60 seconds
[    2.621861] audit: initializing netlink subsys (disabled)
[    2.625491] audit: type=2000 audit(1594283243.751:1): initialized
[    2.629391] Initialise system trusted keyring
[    2.632382] HugeTLB registered 2 MB page size, pre-allocated 0 pages
[    2.639120] zbud: loaded
[    2.641280] VFS: Disk quotas dquot_6.6.0
[    2.644217] VFS: Dquot-cache hash table entries: 512 (order 0, 4096 bytes)
[    2.649060] squashfs: version 4.0 (2009/01/31) Phillip Lougher
[    2.653601] fuse init (API version 7.23)
[    2.656482] Key type big_key registered
[    2.659128] Allocating IMA MOK and blacklist keyrings.
[    2.664748] Key type asymmetric registered
[    2.667514] Asymmetric key parser 'x509' registered
[    2.671036] Block layer SCSI generic (bsg) driver version 0.4 loaded (major 249)
[    2.676051] io scheduler noop registered
[    2.678587] io scheduler deadline registered (default)
[    2.682931] io scheduler cfq registered
[    2.685291] pci_hotplug: PCI Hot Plug PCI Core version: 0.5
[    2.688632] pciehp: PCI Express Hot Plug Controller Driver version: 0.4
[    2.693144] ACPI: AC Adapter [AC] (on-line)
[    2.695947] input: Power Button as /devices/LNXSYSTM:00/LNXPWRBN:00/input/input0
[    2.700737] ACPI: Power Button [PWRF]
[    2.703438] input: Sleep Button as /devices/LNXSYSTM:00/LNXSLPBN:00/input/input1
[    2.707997] ACPI: Sleep Button [SLPF]
[    2.710541] GHES: HEST is not enabled!
[    2.713748] Serial: 8250/16550 driver, 32 ports, IRQ sharing enabled
[    2.744516] 00:02: ttyS0 at I/O 0x3f8 (irq = 4, base_baud = 115200) is a 16550A
[    2.751457] Linux agpgart interface v0.103
[    2.761658] loop: module loaded
[    2.765449] scsi host0: ata_piix
[    2.768092] scsi host1: ata_piix
[    2.770339] ata1: PATA max UDMA/33 cmd 0x1f0 ctl 0x3f6 bmdma 0xd000 irq 14
[    2.775302] ata2: PATA max UDMA/33 cmd 0x170 ctl 0x376 bmdma 0xd008 irq 15
[    2.780840] libphy: Fixed MDIO Bus: probed
[    2.783629] tun: Universal TUN/TAP device driver, 1.6
[    2.786893] tun: (C) 1999-2004 Max Krasnyansky <maxk@qualcomm.com>
[    2.790990] PPP generic driver version 2.4.2
[    2.793582] ehci_hcd: USB 2.0 'Enhanced' Host Controller (EHCI) Driver
[    2.797641] ehci-pci: EHCI PCI platform driver
[    2.800440] ehci-platform: EHCI generic platform driver
[    2.803626] ohci_hcd: USB 1.1 'Open' Host Controller (OHCI) Driver
[    2.807317] ohci-pci: OHCI PCI platform driver
[    2.809982] ohci-platform: OHCI generic platform driver
[    2.813476] uhci_hcd: USB Universal Host Controller Interface driver
[    2.817478] i8042: PNP: PS/2 Controller [PNP0303:PS2K,PNP0f03:PS2M] at 0x60,0x64 irq 1,12
[    2.825147] serio: i8042 KBD port at 0x60,0x64 irq 1
[    2.828218] serio: i8042 AUX port at 0x60,0x64 irq 12
[    2.831443] mousedev: PS/2 mouse device common for all mice
[    2.836016] input: AT Translated Set 2 keyboard as /devices/platform/i8042/serio0/input/input2
[    2.842128] rtc_cmos rtc_cmos: rtc core: registered rtc_cmos as rtc0
[    2.847603] rtc_cmos rtc_cmos: alarms up to one day, 114 bytes nvram
[    2.851708] i2c /dev entries driver
[    2.854106] device-mapper: uevent: version 1.0.3
[    2.857644] device-mapper: ioctl: 4.34.0-ioctl (2015-10-28) initialised: dm-devel@redhat.com
[    2.863579] ledtrig-cpu: registered to indicate activity on CPUs
[    2.867937] NET: Registered protocol family 10
[    2.871259] NET: Registered protocol family 17
[    2.874130] Key type dns_resolver registered
[    2.877659] registered taskstats version 1
[    2.880216] Loading compiled-in X.509 certificates
[    2.883594] Loaded X.509 cert 'Build time autogenerated kernel key: f33c437cc9123d9712070bdfe932b55b24c56047'
[    2.889621] zswap: loaded using pool lzo/zbud
[    2.894649] Key type trusted registered
[    2.900780] Key type encrypted registered
[    2.903596] AppArmor: AppArmor sha1 policy hashing enabled
[    2.907224] ima: No TPM chip found, activating TPM-bypass!
[    2.910682] ima: Allocated hash algorithm: sha1
[    2.914184] evm: HMAC attrs: 0x1
[    2.916802]   Magic number: 12:454:472
[    2.919204] acpi LNXSYSTM:00: hash matches
[    2.921727] rtc_cmos rtc_cmos: setting system clock to 2020-07-09 08:27:19 UTC (1594283239)
[    2.927346] BIOS EDD facility v0.16 2004-Jun-25, 0 devices found
[    2.931093] EDD information not available.
[    2.982842] Freeing unused kernel memory: 1488K
[    2.986457] Write protecting the kernel read-only data: 14336k
[    2.990679] Freeing unused kernel memory: 1604K
[    2.994119] Freeing unused kernel memory: 60K
Loading, please wait...
starting version 229
[    3.011810] random: udevadm: uninitialized urandom read (16 bytes read, 3 bits of entropy available)
[    3.018056] random: systemd-udevd: uninitialized urandom read (16 bytes read, 3 bits of entropy available)
[    3.025212] random: systemd-udevd: uninitialized urandom read (16 bytes read, 3 bits of entropy available)
[    3.031809] random: udevadm: uninitialized urandom read (16 bytes read, 3 bits of entropy available)
[    3.037689] random: systemd-udevd: uninitialized urandom read (16 bytes read, 3 bits of entropy available)
[    3.050898] random: systemd-udevd: uninitialized urandom read (16 bytes read, 3 bits of entropy available)
[    3.062323] random: systemd-udevd: uninitialized urandom read (16 bytes read, 3 bits of entropy available)
[    3.070098] random: udevadm: uninitialized urandom read (16 bytes read, 3 bits of entropy available)
[    3.076538] random: systemd-udevd: uninitialized urandom read (16 bytes read, 3 bits of entropy available)
[    3.082106] random: udevadm: uninitialized urandom read (16 bytes read, 3 bits of entropy available)
[    3.182265] Fusion MPT base driver 3.04.20
[    3.185413] Copyright (c) 1999-2008 LSI Corporation
[    3.197737] e1000: Intel(R) PRO/1000 Network Driver - version 7.3.21-k8-NAPI
[    3.202812] e1000: Copyright (c) 1999-2006 Intel Corporation.
[    3.245307] Fusion MPT SPI Host driver 3.04.20
[    3.453572] input: ImExPS/2 Generic Explorer Mouse as /devices/platform/i8042/serio1/input/input4
[    3.833477] e1000 0000:00:03.0 eth0: (PCI:33MHz:32-bit) 02:cb:9c:89:30:63
[    3.838254] e1000 0000:00:03.0 eth0: Intel(R) PRO/1000 Network Connection
[    3.843828] mptbase: ioc0: Initiating bringup
[    3.913207] ioc0: LSI53C1030 A0: Capabilities={Initiator}
[    4.086838] scsi host2: ioc0: LSI53C1030 A0, FwRev=00000000h, Ports=1, MaxQ=256, IRQ=20
[    4.205392] scsi 2:0:0:0: Direct-Access     VBOX     HARDDISK         1.0  PQ: 0 ANSI: 5
[    4.211216] scsi target2:0:0: Beginning Domain Validation
[    4.218946] scsi target2:0:0: Domain Validation skipping write tests
[    4.223099] scsi target2:0:0: Ending Domain Validation
[    4.226815] scsi target2:0:0: asynchronous
[    4.238147] scsi 2:0:1:0: Direct-Access     VBOX     HARDDISK         1.0  PQ: 0 ANSI: 5
[    4.251050] scsi target2:0:1: Beginning Domain Validation
[    4.321899] scsi target2:0:1: Domain Validation skipping write tests
[    4.325973] scsi target2:0:1: Ending Domain Validation
[    4.336397] scsi target2:0:1: asynchronous
[    4.475870] sd 2:0:0:0: Attached scsi generic sg0 type 0
[    4.479649] sd 2:0:0:0: [sda] 20971520 512-byte logical blocks: (10.7 GB/10.0 GiB)
[    4.485744] sd 2:0:1:0: [sdb] 20480 512-byte logical blocks: (10.5 MB/10.0 MiB)
[    4.491056] sd 2:0:1:0: Attached scsi generic sg1 type 0
[    4.498596] sd 2:0:0:0: [sda] Write Protect is off
[    4.503226] sd 2:0:1:0: [sdb] Write Protect is off
[    4.513515] sd 2:0:1:0: [sdb] Incomplete mode parameter data
[    4.517958] sd 2:0:1:0: [sdb] Assuming drive cache: write through
[    4.522131] sd 2:0:0:0: [sda] Incomplete mode parameter data
[    4.526027] sd 2:0:0:0: [sda] Assuming drive cache: write through
[    4.547975]  sda: sda1
[    4.551951] sd 2:0:1:0: [sdb] Attached SCSI disk
[    4.564546] sd 2:0:0:0: [sda] Attached SCSI disk
[    4.898300] e1000 0000:00:08.0 eth1: (PCI:33MHz:32-bit) 08:00:27:2c:a7:43
[    4.903224] e1000 0000:00:08.0 eth1: Intel(R) PRO/1000 Network Connection
[    4.908048] e1000 0000:00:08.0 enp0s8: renamed from eth1
[    4.912052] e1000 0000:00:03.0 enp0s3: renamed from eth0
Begin: Loading essential drivers ... [    6.460060] md: linear personality registered for level -1
[    6.466231] md: multipath personality registered for level -4
[    6.473145] md: raid0 personality registered for level 0
[    6.482046] md: raid1 personality registered for level 1
[    6.562821] raid6: sse2x1   gen() 11325 MB/s
[    6.637551] raid6: sse2x1   xor()  8990 MB/s
[    6.711715] raid6: sse2x2   gen() 14237 MB/s
[    6.786898] raid6: sse2x2   xor()  9665 MB/s
[    6.862886] raid6: sse2x4   gen() 16829 MB/s
[    6.938766] raid6: sse2x4   xor() 11832 MB/s
[    6.941741] raid6: using algorithm sse2x4 gen() 16829 MB/s
[    6.945760] raid6: .... xor() 11832 MB/s, rmw enabled
[    6.949291] raid6: using ssse3x2 recovery algorithm
[    6.954547] xor: measuring software checksum speed
[    7.066913]    prefetch64-sse: 58493.000 MB/sec
[    7.185112]    generic_sse: 107947.000 MB/sec
[    7.188956] xor: using function: generic_sse (107947.000 MB/sec)
[    7.195888] async_tx: api initialized (async)
[    7.221132] md: raid6 personality registered for level 6
[    7.225266] md: raid5 personality registered for level 5
[    7.228573] md: raid4 personality registered for level 4
[    7.240866] md: raid10 personality registered for level 10
done.
Begin: Running /scripts/init-premount ... done.
Begin: Mounting root file system ... Begin: Running /scripts/local-top ... done.
Begin: Running /scripts/local-premount ... [    7.300768] Btrfs loaded
Scanning for Btrfs filesystems
done.
Warning: fsck not present, so skipping root file system
[    7.345581] EXT4-fs (sda1): mounted filesystem with ordered data mode. Opts: (null)
done.
Begin: Running /scripts/local-bottom ... done.
Begin: Running /scripts/init-bottom ... done.
[    7.488432] systemd[1]: systemd 229 running in system mode. (+PAM +AUDIT +SELINUX +IMA +APPARMOR +SMACK +SYSVINIT +UTMP +LIBCRYPTSETUP +GCRYPT +GNUTLS +ACL +XZ -LZ4 +SECCOMP +BLKID +ELFUTILS +KMOD -IDN)
[    7.501334] systemd[1]: Detected virtualization oracle.
[    7.504999] systemd[1]: Detected architecture x86-64.

Welcome to [1mUbuntu 16.04.6 LTS[0m!

[    7.516954] systemd[1]: Set hostname to <ubuntu>.
[    7.525102] systemd[1]: Initializing machine ID from random generator.
[    7.528925] systemd[1]: Installed transient /etc/machine-id file.
[    7.709174] systemd[1]: Listening on udev Control Socket.
[[0;32m  OK  [0m] Listening on udev Control Socket.
[    7.716926] systemd[1]: Listening on LVM2 poll daemon socket.
[[0;32m  OK  [0m] Listening on LVM2 poll daemon socket.
[    7.725010] systemd[1]: Listening on /dev/initctl Compatibility Named Pipe.
[[0;32m  OK  [0m] Listening on /dev/initctl Compatibility Named Pipe.
[    7.734383] systemd[1]: Listening on Device-mapper event daemon FIFOs.
[[0;32m  OK  [0m] Listening on Device-mapper event daemon FIFOs.
[    7.744107] systemd[1]: Listening on Journal Audit Socket.
[[0;32m  OK  [0m] Listening on Journal Audit Socket.
[    7.751761] systemd[1]: Reached target System Time Synchronized.
[[0;32m  OK  [0m] Reached target System Time Synchronized.
[    7.759709] systemd[1]: Reached target User and Group Name Lookups.
[[0;32m  OK  [0m] Reached target User and Group Name Lookups.
[    7.767695] systemd[1]: Listening on Journal Socket (/dev/log).
[[0;32m  OK  [0m] Listening on Journal Socket (/dev/log).
[    7.775832] systemd[1]: Started Trigger resolvconf update for networkd DNS.
[[0;32m  OK  [0m] Started Trigger resolvconf update for networkd DNS.
[    7.785161] systemd[1]: Listening on Journal Socket.
[[0;32m  OK  [0m] Listening on Journal Socket.
[    7.792592] systemd[1]: Created slice User and Session Slice.
[[0;32m  OK  [0m] Created slice User and Session Slice.
[    7.800164] systemd[1]: Reached target Swap.
[[0;32m  OK  [0m] Reached target Swap.
[    7.806542] systemd[1]: Reached target Encrypted Volumes.
[[0;32m  OK  [0m] Reached target Encrypted Volumes.
[    7.814682] systemd[1]: Set up automount Arbitrary Executable File Formats File System Automount Point.
[[0;32m  OK  [0m] Set up automount Arbitrary Executab...ats File System Automount Point.
[    7.826162] systemd[1]: Listening on udev Kernel Socket.
[[0;32m  OK  [0m] Listening on udev Kernel Socket.
[    7.834157] systemd[1]: Started Forward Password Requests to Wall Directory Watch.
[[0;32m  OK  [0m] Started Forward Password Requests to Wall Directory Watch.
[    7.843779] systemd[1]: Listening on LVM2 metadata daemon socket.
[[0;32m  OK  [0m] Listening on LVM2 metadata daemon socket.
[    7.851753] systemd[1]: Listening on Syslog Socket.
[[0;32m  OK  [0m] Listening on Syslog Socket.
[    7.859152] systemd[1]: Created slice System Slice.
[[0;32m  OK  [0m] Created slice System Slice.
[    7.867995] systemd[1]: Starting Load Kernel Modules...
         Starting Load Kernel Modules...
[    7.882295] systemd[1]: Mounting Debug File System...
         Mounting Debug File System...
[    7.895126] Loading iSCSI transport class v2.0-870.
[    7.900267] systemd[1]: Starting Create list of required static device nodes for the current kernel...
         Starting Create list of required st... nodes for the current kernel...[    7.916607] iscsi: registered transport (tcp)

[    7.921326] systemd[1]: Starting Remount Root and Kernel File Systems...
         Starting Remount Root and Kernel File Systems...[    7.934893] EXT4-fs (sda1): re-mounted. Opts: (null)

[    7.940235] systemd[1]: Starting Monitoring of LVM2 mirrors, snapshots etc. using dmeventd or progress polling...
         Starting Monitoring of LVM2 mirrors... dmeventd or progress polling...
[    7.976521] systemd[1]: Starting Journal Service...
         Starting Journal Service...
[    7.993392] systemd[1]: Reached target Slices.
[[0;32m  OK  [0m] Reached target Slices.
[    8.012594] systemd[1]: Starting Uncomplicated firewall...
         Starting Uncomplicated firewall...
[    8.028043] systemd[1]: Starting Set console keymap...
         Starting Set console keymap...
[    8.048492] systemd[1]: Mounting POSIX Message Queue File System...
[    8.055126] iscsi: registered transport (iser)
         Mounting POSIX Message Queue File System...
[    8.065342] systemd[1]: Created slice system-serial\x2dgetty.slice.
[[0;32m  OK  [0m] Created slice system-serial\x2dgetty.slice.
[    8.092586] systemd[1]: Mounting Huge Pages File System...
         Mounting Huge Pages File System...
[    8.113722] systemd[1]: Starting Nameserver information manager...
         Starting Nameserver information manager...
[    8.130454] systemd[1]: Mounted POSIX Message Queue File System.
[[0;32m  OK  [0m] Mounted POSIX Message Queue File System.
[    8.140536] systemd[1]: Mounted Debug File System.
[[0;32m  OK  [0m] Mounted Debug File System.
[    8.147814] systemd[1]: Mounted Huge Pages File System.
[[0;32m  OK  [0m] Mounted Huge Pages File System.
[    8.155621] systemd[1]: Started Journal Service.
[[0;32m  OK  [0m] Started Journal Service.
[[0;32m  OK  [0m] Started Load Kernel Modules.
[[0;32m  OK  [0m] Started Create list of required sta...ce nodes for the current kernel.
[[0;32m  OK  [0m] Started Remount Root and Kernel File Systems.
[[0;32m  OK  [0m] Started Uncomplicated firewall.
[[0;32m  OK  [0m] Started Set console keymap.
[[0;32m  OK  [0m] Started LVM2 metadata daemon.
         Starting Load/Save Random Seed...
         Starting udev Coldplug all Devices...
         Starting Create Static Device Nodes in /dev...
         Starting Apply Kernel Variables...
         Mounting FUSE Control File System...
         Starting Flush Journal to Persistent Storage...
[[0;32m  OK  [0m] Mounted FUSE Control File System.
[[0;32m  OK  [0m] Started Nameserver information manager.
[[0;32m  OK  [0m] Started Load/Save Random Seed.
[[0;32m  OK  [0m] Started Create Static Device Nodes in /dev.
[[0;32m  OK  [0m] Started Apply Kernel Variables.
         Starting udev Kernel Device Manager...
[[0;32m  OK  [0m] Started Flush Journal to Persistent Storage.
[[0;32m  OK  [0m] Started udev Kernel Device Manager.
[[0;32m  OK  [0m] Started udev Coldplug all Devices.
[[0;32m  OK  [0m] Started Dispatch Password Requests to Console Directory Watch.
[[0;32m  OK  [0m] Found device /dev/ttyS0.
[[0;32m  OK  [0m] Started Monitoring of LVM2 mirrors,...ng dmeventd or progress polling.
[[0;32m  OK  [0m] Reached target Local File Systems (Pre).
[[0;32m  OK  [0m] Reached target Local File Systems.
         Starting Set console font and keymap...
         Starting Commit a transient machine-id on disk...
         Starting Initial cloud-init job (pre-networking)...
         Starting LSB: AppArmor initialization...
         Starting Create Volatile Files and Directories...
         Starting Tell Plymouth To Write Out Runtime Data...
[[0;32m  OK  [0m] Started Commit a transient machine-id on disk.
[[0;32m  OK  [0m] Started Tell Plymouth To Write Out Runtime Data.
[[0;32m  OK  [0m] Started Create Volatile Files and Directories.
         Starting Update UTMP about System Boot/Shutdown...
[[0;32m  OK  [0m] Started Update UTMP about System Boot/Shutdown.
[[0;32m  OK  [0m] Listening on Load/Save RF Kill Switch Status /dev/rfkill Watch.
[    9.725055] cloud-init[489]: Cloud-init v. 19.4-33-gbb4131a2-0ubuntu1~16.04.1 running 'init-local' at Thu, 09 Jul 2020 08:27:27 +0000. Up 9.18 seconds.[[0;32m  OK  [0m] Started Initial cloud-init job (pre-networking).

[[0;32m  OK  [0m] Started LSB: AppArmor initialization.
[[0;32m  OK  [0m] Reached target Network (Pre).
         Starting Raise network interfaces...
[[0;32m  OK  [0m] Started Set console font and keymap.
[[0;32m  OK  [0m] Created slice system-getty.slice.
[[0;32m  OK  [0m] Started Raise network interfaces.
         Starting Initial cloud-init job (metadata service crawler)...
[[0;32m  OK  [0m] Reached target Network.
[   11.799378] cloud-init[946]: Cloud-init v. 19.4-33-gbb4131a2-0ubuntu1~16.04.1 running 'init' at Thu, 09 Jul 2020 08:27:29 +0000. Up 11.27 seconds.
[   11.817344] cloud-init[946]: ci-info: ++++++++++++++++++++++++++++++++++++++Net device info+++++++++++++++++++++++++++++++++++++++
[   11.824262] cloud-init[946]: ci-info: +--------+-------+----------------------------+---------------+--------+-------------------+
[   11.838750] cloud-init[946]: ci-info: | Device |   Up  |          Address           |      Mask     | Scope  |     Hw-Address    |
[   11.849462] cloud-init[946]: ci-info: +--------+-------+----------------------------+---------------+--------+-------------------+
[   11.859450] cloud-init[946]: ci-info: | enp0s3 |  True |         10.0.2.15          | 255.255.255.0 | global | 02:cb:9c:89:30:63 |
[[0;32m  OK  [0m] Started Initial cloud-init job (metadata service crawler).
[   11.876207] cloud-init[946]: ci-info: | enp0s3 |  True | fe80::cb:9cff:fe89:3063/64 |       .       |  link  | 02:cb:9c:89:30:63 |[[0;32m  OK  [0m] Reached target System Initialization.

[   11.885174] cloud-init[946]: ci-info: | enp0s8 | False |             .              |       .       |   .    | 08:00:27:2c:a7:43 |[[0;32m  OK  [0m] Started Daily Cleanup of Temporary Directories.
         Starting Socket activation for snappy daemon.
[[0;32m  OK  [0m
[   11.897455] cloud-init[946]: ci-info: |   lo   |  True |         127.0.0.1          |   255.0.0.0   |  host  |         .         |] Listening on ACPID Listen Socket.
[
[   11.904971] cloud-init[946]: ci-info: |   lo   |  True |          ::1/128           |       .       |  host  |         .         |[0;32m  OK  [0m] Started Message of the Day.

         Starting LXD - unix socket.
[[0;32m  OK  [0m] [   11.916458] cloud-init[946]: ci-info: +--------+-------+----------------------------+---------------+--------+-------------------+Listening on UUID daemon activation socket.

[   11.924036] cloud-init[946]: ci-info: +++++++++++++++++++++++++++Route IPv4 info++++++++++++++++++++++++++++[[0;32m  OK  [0m] Started ACPI Events Check.
[[0;32m  OK  [0m] Reached target Paths.
[[0;32m  OK  [0m
[   11.936993] cloud-init[946]: ci-info: +-------+-------------+----------+---------------+-----------+-------+] Started Daily apt download activities.
[[0;32m  OK  [0m] 
[   11.945092] cloud-init[946]: ci-info: | Route | Destination | Gateway  |    Genmask    | Interface | Flags |Listening on D-Bus System Message Bus Socket.
[[0;32m  OK  [0m] 
[   11.952998] cloud-init[946]: ci-info: +-------+-------------+----------+---------------+-----------+-------+Started Daily apt upgrade and clean activities.
[[0;32m  OK  [0m] Reached target Timers.
[   11.961561] cloud-init[946]: ci-info: |   0   |   0.0.0.0   | 10.0.2.2 |    0.0.0.0    |   enp0s3  |   UG  |
[[0;32m  OK  [0m] Reached target Cloud-config availability.
[   11.969623] cloud-init[946]: ci-info: |   1   |   10.0.2.0  | 0.0.0.0  | 255.255.255.0 |   enp0s3  |   U   |
[[0;32m  OK  [0m] Reached target Network is Online.
[   11.977236] cloud-init[946]: ci-info: +-------+-------------+----------+---------------+-----------+-------+
         Starting iSCSI initiator daemon (iscsid)...
[[0;32m  OK  [0m] Listening on Socket activation for snappy daemon.
[   11.989791] cloud-init
[[0;32m  OK  [0m] [946]: ci-info: +++++++++++++++++++Route IPv6 info+++++++++++++++++++Listening on LXD - unix socket.
[[0;32m  OK  [0m] Reached target Sockets.

[   12.006085] cloud-init[946]: ci-info: +-------+-------------+---------+-----------+-------+[[0;32m  OK  [0m] Reached target Basic System.
[   12.012774] cloud-init[946]: ci-info: | Route | Destination | Gateway | Interface | Flags |

[[0;32m  OK  [0m] Started FUSE filesystem for LXC.
[   12.020556] cloud-init[946]: ci-info: +-------+-------------+---------+-----------+-------+
         Starting Virtualbox guest utils...
         [   12.028498] cloud-initStarting LXD - container startup/shutdown...[946]: 
         Starting /etc/rc.local Compatibility...
         ci-info: |   0   |  fe80::/64  |    ::   |   enp0s3  |   U   |Starting System Logging Service...

[[0;32m  OK  [0m] Started Regular background program processing daemon.
[[0;32m  OK  [0m] Started Deferred execution scheduler.[   12.071951] 
cloud-init         Starting LSB: MD monitoring daemon...
         Starting LSB: Record successful boot for GRUB...
         Starting Pollinate to seed the pseudo random number generator...
         Starting Accounts Service...
         Starting Login Service...
[[0;32m  OK  [0m] Started D-Bus System Message Bus.
[946]: ci-info: |   3   |   ff00::/8  |    ::   |   enp0s3  |   U   |
[   12.161419] cloud-init[946]: ci-info: +-------+-------------+---------+-----------+-------+
[[0;32m  OK  [0m] Started ACPI event daemon.[   12.200368] cloud-init[946]: Generating public/private rsa key pair.

         Starting Snappy daemon...
[[0;32m  OK  [0m] [   12.227145] Started System Logging Service.
[[0;32m  OK  [0m] Started /etc/rc.local Compatibility.
cloud-init[[0;32m  OK  [0m] Started iSCSI initiator daemon (iscsid).
         Starting Login to default iSCSI targets...
[[0;32m  OK  [0m] Started Login Service.
[[0;32m  OK  [0m] Started Unattended Upgrades Shutdown.
         Starting Authenticate and Authorize Users to Run Privileged Tasks...
[946]: [[0;32m  OK  [0m] Started Login to default iSCSI targets.
[[0;32m  OK  [0m] Reached target Remote File Systems (Pre).
[[0;32m  OK  [0m] Reached target Remote File Systems.
         Starting LSB: automatic crash report generation...
Your identification has been saved in /etc/ssh/ssh_host_rsa_key.         Starting Permit User Sessions...
         Starting LSB: Set the CPU Frequency Scaling governor to "ondemand"...
         Starting LSB: daemon to balance interrupts for SMP systems...
[[0;32m  OK  [0m] Started Permit User Sessions.
         Starting Terminate Plymouth Boot Screen...

         Starting Hold until boot process finishes up...
[   12.488868] cloud-init[946]: Your public key has been saved in /etc/ssh/ssh_host_rsa_key.pub.[[0;32m  OK  [0m] Started LSB: Record successful boot for GRUB.
[[0;32m  OK  [0m] Started Hold until boot process finishes up.
[[0;32m  OK  [0m] Started Terminate Plymouth Boot Screen.
[[0;32m  OK  [0m] Started LSB: MD monitoring daemon.
[[0;32m  OK  [0m] Started Serial Getty on ttyS0.
[[0;32m  OK  [0m] Started Getty on tty1.
[[0;32m  OK  [0m] Reached target Login Prompts.
         Starting Set console scheme...
[[0;32m  OK  [0m] Started LXD - container startup/shutdown.
[[0;32m  OK  [0m] Started LSB: Set the CPU Frequency Scaling governor to "ondemand".
[[0;32m  OK  [0m] Started Set console scheme.
[[0;32m  OK  [0m] Started Authenticate and Authorize Users to Run Privileged Tasks.

[[0;32m  OK  [0m] Started Accounts Service.
[   12.616403] cloud-init[946]: The key fingerprint is:
[[   12.672421] cloud-init[946]: SHA256:zr74trC6VpHennctgle9fJniXzUER3qNvPFueeRXfcA root@ubuntu-xenial
[0;32m  OK  [0m] Started LSB: daemon to balance interrupts for SMP systems.
[[0;32m  OK  [0m] Started LSB: automatic crash report generation.
[   12.712305] cloud-init[946]: The key's randomart image is:
[   12.732288] cloud-init[946]: +---[RSA 2048]----+
[   12.752353] cloud-init[946]: |             ..o |
[   12.776240] cloud-init[946]: |             o+..|
[   12.793250] cloud-init[946]: |       .     .Eo.|
[   12.814374] cloud-init[946]: |      o       o=.|
[   12.874240] cloud-init[946]: |     . oS    ...B|
[   12.910005] cloud-init[946]: |      oo.   . .+*|
[   12.943696] cloud-init[946]: |     ...oo . o oX|
[   12.983895] cloud-init[946]: |    .  == + o.++=|
[[0;32m  OK  [0m] Started Virtualbox guest utils.
[   13.008155] cloud-init[946]: |   .oooo== o.ooo |
[   13.050700] cloud-init[946]: +----[SHA256]-----+
[   13.074246] cloud-init[946]: Generating public/private dsa key pair.
[   13.098405] cloud-init[946]: Your identification has been saved in /etc/ssh/ssh_host_dsa_key.
[   13.116717] cloud-init[946]: Your public key has been saved in /etc/ssh/ssh_host_dsa_key.pub.
[   13.124935] cloud-init[946]: The key fingerprint is:
[   13.148226] cloud-init[946]: SHA256:+Gv+MnPFCBs6kyex0GGQ3Wgr9hfgT/gQADMC3ofPwmU root@ubuntu-xenial
[   13.159541] cloud-init[946]: The key's randomart image is:
[   13.166045] cloud-init[946]: +---[DSA 1024]----+
[   13.192311] cloud-init[946]: |+ +.o= o         |
[   13.228376] cloud-init[946]: |...oo O .        |
[   13.244857] cloud-init[946]: | . o E *         |[[0;32m  OK  [0m] Started Pollinate to seed the pseudo random number generator.

         Starting OpenBSD Secure Shell server...
[   13.274171] cloud-init[946]: |  . X B.=        |[[0;32m  OK  [0m] Started Snappy daemon.
         Starting Wait until snapd is fully seeded...

[   13.342627] cloud-init[946]: |   + *.XS= o     |
[[0;32m  OK  [0m] Started OpenBSD Secure Shell server.
[   13.376589] cloud-init[946]: |    . O.* . o    |
[   13.395976] cloud-init[946]: |       *.  .     |
[   13.405913] cloud-init[946]: |        =..      |
[   13.413719] cloud-init[946]: |       oo*.      |
[   13.428501] cloud-init[946]: +----[SHA256]-----+
[   13.435119] cloud-init[946]: Generating public/private ecdsa key pair.
[   13.450691] cloud-init[946]: Your identification has been saved in /etc/ssh/ssh_host_ecdsa_key.
[   13.468406] cloud-init[946]: Your public key has been saved in /etc/ssh/ssh_host_ecdsa_key.pub.
[   13.484208] cloud-init[946]: The key fingerprint is:
[   13.496452] cloud-init[946]: SHA256:MzGnFyOrDZLDUe7s8wWT//S6Dbw8xRdNYOas62l/Z6o root@ubuntu-xenial
[   13.511239] cloud-init[946]: The key's randomart image is:
[   13.522888] cloud-init[946]: +---[ECDSA 256]---+
[   13.530200] cloud-init[946]: |      .       +. |
[   13.538184] cloud-init[946]: |     o       =  .|
[   13.548099] cloud-init[946]: |    . . + +   o..|
[   13.555741] cloud-init[946]: |   . =   O o . ..|
[   13.568964] cloud-init[946]: |    = + S . ..  .|
[   13.576818] cloud-init[946]: |     + + B . .o .|
[   13.584508] cloud-init[946]: |      + . o =. . |
[   13.595577] cloud-init[946]: |       o . =o*  +|
[   13.603426] cloud-init[946]: |        .  .E*=+.|
[   13.611116] cloud-init[946]: +----[SHA256]-----+
[   13.618981] cloud-init[946]: Generating public/private ed25519 key pair.
[   13.623898] cloud-init[946]: Your identification has been saved in /etc/ssh/ssh_host_ed25519_key.
[   13.628997] cloud-init[946]: Your public key has been saved in /etc/ssh/ssh_host_ed25519_key.pub.
[   13.638820] cloud-init[946]: The key fingerprint is:
[   13.651661] cloud-init[946]: SHA256:jYb47PElyBKQHNgEbbyrlBKwejas4u2pYLw3FGCmQ1c root@ubuntu-xenial
[   13.665062] cloud-init[946]: The key's randomart image is:
[   13.677181] cloud-init[946]: +--[ED25519 256]--+
[   13.695354] cloud-init[946]: |.Bo .E           |
[   13.706799] cloud-init[946]: |o*=+             |
[   13.728492] cloud-init[946]: |*o*.             |
[   13.735037] cloud-init[946]: |= .o . . o       |
[   13.750541] cloud-init[946]: |.+..+ . S .      |
[   13.766126] cloud-init[946]: |+o*. = o         |
[   13.777907] cloud-init[946]: |+B... * . .      |
[   13.787918] cloud-init[946]: |* oo.o o o       |
[   13.802924] cloud-init[946]: |o+++. . .        |
[   13.826102] cloud-init[946]: +----[SHA256]-----+
         Starting Failure handling of the snapd snap...
[[0;32m  OK  [0m] Started Failure handling of the snapd snap.
[[0;32m  OK  [0m] Stopped Snappy daemon.
         Starting Snappy daemon...
[[0;32m  OK  [0m] Started Snappy daemon.
[[0;32m  OK  [0m] Started Wait until snapd is fully seeded.
         Starting Apply the settings specified in cloud-config...
[[0;32m  OK  [0m] Reached target Multi-User System.
[[0;32m  OK  [0m] Reached target Graphical Interface.
         Starting Update UTMP about System Runlevel Changes...
[[0;32m  OK  [0m] Started Update UTMP about System Runlevel Changes.
[   15.597948] cloud-init[1344]: Generating locales (this might take a while)...
[   16.896885] cloud-init[1344]:   en_US.UTF-8... done
[   16.903086] cloud-init[1344]: Generation complete.
[   17.185504] cloud-init[1344]: Cloud-init v. 19.4-33-gbb4131a2-0ubuntu1~16.04.1 running 'modules:config' at Thu, 09 Jul 2020 08:27:33 +0000. Up 15.50 seconds.
[[0;32m  OK  [0m] Started Apply the settings specified in cloud-config.
         Starting Execute cloud user/final scripts...
[[0;32m  OK  [0m] Created slice User Slice of vagrant.
         Starting User Manager for UID 1000...
[[0;32m  OK  [0m] Started Session 1 of user vagrant.
[[0;32m  OK  [0m] Started User Manager for UID 1000.
ci-info: no authorized SSH keys fingerprints found for user ubuntu.
<14>Jul  9 08:27:35 ec2: 
<14>Jul  9 08:27:35 ec2: #############################################################
<14>Jul  9 08:27:35 ec2: -----BEGIN SSH HOST KEY FINGERPRINTS-----
<14>Jul  9 08:27:35 ec2: 1024 SHA256:+Gv+MnPFCBs6kyex0GGQ3Wgr9hfgT/gQADMC3ofPwmU root@ubuntu-xenial (DSA)
<14>Jul  9 08:27:35 ec2: 256 SHA256:MzGnFyOrDZLDUe7s8wWT//S6Dbw8xRdNYOas62l/Z6o root@ubuntu-xenial (ECDSA)
<14>Jul  9 08:27:35 ec2: 256 SHA256:jYb47PElyBKQHNgEbbyrlBKwejas4u2pYLw3FGCmQ1c root@ubuntu-xenial (ED25519)
<14>Jul  9 08:27:35 ec2: 2048 SHA256:zr74trC6VpHennctgle9fJniXzUER3qNvPFueeRXfcA root@ubuntu-xenial (RSA)
<14>Jul  9 08:27:35 ec2: -----END SSH HOST KEY FINGERPRINTS-----
<14>Jul  9 08:27:35 ec2: #############################################################
-----BEGIN SSH HOST KEY KEYS-----
ecdsa-sha2-nistp256 AAAAE2VjZHNhLXNoYTItbmlzdHAyNTYAAAAIbmlzdHAyNTYAAABBBEbEvdvaevV5Qn7kLrf44dnmy/sL667LnuSCzafIF+D2BYSjzzDH1VCGNsyYNlnu8sEhJ8ZWX2T+86naa27nEf0= root@ubuntu-xenial
ssh-ed25519 AAAAC3NzaC1lZDI1NTE5AAAAIOS+AICo+QkxcvNp+fWjPcYAan35UpiZx2K3Y7JfgFox root@ubuntu-xenial
ssh-rsa AAAAB3NzaC1yc2EAAAADAQABAAABAQDD//RG2ilCbMKdOaowznha8C83Swq4zE9quTUN24S2qGn3IXV6NYrpwFSJY2Q5RkRUCD4SOooO8f40CTM7iBQfpekuXlLvX5VtJqHo1d1HFhaWC32yN/LwhJVNwi0TrSrko/JzO90o1D1wJbxcPZifSHsOtTvNIPikvqkaZ2TTdMDydghNSq9RLTIbUbLeNtoRuzRAWYQXTDxPm00XNRw590sqqo1lBejGher7pAkyJxsjFLa2UR1/1LyWxcb8FIr2m0jt3Ii9aunABHwQDQOEhZEYkBzpjy/3SVnIc8A9rnamBAhOcJsFopOYfsQZZM1x2z4afnOsOrkr5aHJ5c0d root@ubuntu-xenial
-----END SSH HOST KEY KEYS-----
[   17.943131] cloud-init[1386]: Cloud-init v. 19.4-33-gbb4131a2-0ubuntu1~16.04.1 running 'modules:final' at Thu, 09 Jul 2020 08:27:35 +0000. Up 17.62 seconds.
[   17.973274] cloud-init[1386]: ci-info: no authorized SSH keys fingerprints found for user ubuntu.
[   17.981596] cloud-init[1386]: Cloud-init v. 19.4-33-gbb4131a2-0ubuntu1~16.04.1 finished at Thu, 09 Jul 2020 08:27:35 +0000. Datasource DataSourceNoCloud [seed=/dev/sdb][dsmode=net].  Up 17.93 seconds

Ubuntu 16.04.6 LTS ubuntu-xenial ttyS0

ubuntu-xenial login: 