[    0.000000] Initializing cgroup subsys cpuset
[    0.000000] Initializing cgroup subsys cpu
[    0.000000] Initializing cgroup subsys cpuacct
[    0.000000] Linux version 4.4.0-178-generic (buildd@lgw01-amd64-017) (gcc version 5.4.0 20160609 (Ubuntu 5.4.0-6ubuntu1~16.04.12) ) #208-Ubuntu SMP Sun Apr 5 23:45:10 UTC 2020 (Ubuntu 4.4.0-178.208-generic 4.4.217)
[    0.000000] Command line: BOOT_IMAGE=/boot/vmlinuz-4.4.0-178-generic root=LABEL=cloudimg-rootfs ro console=tty1 console=ttyS0
[    0.000000] KERNEL supported cpus:
[    0.000000]   Intel GenuineIntel
[    0.000000]   AMD AuthenticAMD
[    0.000000]   Centaur CentaurHauls
[    0.000000] x86/fpu: xstate_offset[2]:  576, xstate_sizes[2]:  256
[    0.000000] x86/fpu: Supporting XSAVE feature 0x01: 'x87 floating point registers'
[    0.000000] x86/fpu: Supporting XSAVE feature 0x02: 'SSE registers'
[    0.000000] x86/fpu: Supporting XSAVE feature 0x04: 'AVX registers'
[    0.000000] x86/fpu: Enabled xstate features 0x7, context size is 832 bytes, using 'standard' format.
[    0.000000] e820: BIOS-provided physical RAM map:
[    0.000000] BIOS-e820: [mem 0x0000000000000000-0x000000000009fbff] usable
[    0.000000] BIOS-e820: [mem 0x000000000009fc00-0x000000000009ffff] reserved
[    0.000000] BIOS-e820: [mem 0x00000000000f0000-0x00000000000fffff] reserved
[    0.000000] BIOS-e820: [mem 0x0000000000100000-0x000000007ffeffff] usable
[    0.000000] BIOS-e820: [mem 0x000000007fff0000-0x000000007fffffff] ACPI data
[    0.000000] BIOS-e820: [mem 0x00000000fec00000-0x00000000fec00fff] reserved
[    0.000000] BIOS-e820: [mem 0x00000000fee00000-0x00000000fee00fff] reserved
[    0.000000] BIOS-e820: [mem 0x00000000fffc0000-0x00000000ffffffff] reserved
[    0.000000] NX (Execute Disable) protection: active
[    0.000000] SMBIOS 2.5 present.
[    0.000000] Hypervisor detected: KVM
[    0.000000] e820: last_pfn = 0x7fff0 max_arch_pfn = 0x400000000
[    0.000000] MTRR: Disabled
[    0.000000] x86/PAT: MTRRs disabled, skipping PAT initialization too.
[    0.000000] CPU MTRRs all blank - virtualized system.
[    0.000000] x86/PAT: Configuration [0-7]: WB  WT  UC- UC  WB  WT  UC- UC  
[    0.000000] found SMP MP-table at [mem 0x0009fff0-0x0009ffff] mapped at [ffff88000009fff0]
[    0.000000] Scanning 1 areas for low memory corruption
[    0.000000] RAMDISK: [mem 0x362e0000-0x37167fff]
[    0.000000] ACPI: Early table checksum verification disabled
[    0.000000] ACPI: RSDP 0x00000000000E0000 000024 (v02 VBOX  )
[    0.000000] ACPI: XSDT 0x000000007FFF0030 00003C (v01 VBOX   VBOXXSDT 00000001 ASL  00000061)
[    0.000000] ACPI: FACP 0x000000007FFF00F0 0000F4 (v04 VBOX   VBOXFACP 00000001 ASL  00000061)
[    0.000000] ACPI: DSDT 0x000000007FFF0470 002325 (v02 VBOX   VBOXBIOS 00000002 INTL 20100528)
[    0.000000] ACPI: FACS 0x000000007FFF0200 000040
[    0.000000] ACPI: FACS 0x000000007FFF0200 000040
[    0.000000] ACPI: APIC 0x000000007FFF0240 000054 (v02 VBOX   VBOXAPIC 00000001 ASL  00000061)
[    0.000000] ACPI: SSDT 0x000000007FFF02A0 0001CC (v01 VBOX   VBOXCPUT 00000002 INTL 20100528)
[    0.000000] No NUMA configuration found
[    0.000000] Faking a node at [mem 0x0000000000000000-0x000000007ffeffff]
[    0.000000] NODE_DATA(0) allocated [mem 0x7ffeb000-0x7ffeffff]
[    0.000000] kvm-clock: Using msrs 4b564d01 and 4b564d00
[    0.000000] kvm-clock: cpu 0, msr 0:7ffe3001, primary cpu clock
[    0.000000] kvm-clock: using sched offset of 5804004478 cycles
[    0.000000] clocksource: kvm-clock: mask: 0xffffffffffffffff max_cycles: 0x1cd42e4dffb, max_idle_ns: 881590591483 ns
[    0.000000] Zone ranges:
[    0.000000]   DMA      [mem 0x0000000000001000-0x0000000000ffffff]
[    0.000000]   DMA32    [mem 0x0000000001000000-0x000000007ffeffff]
[    0.000000]   Normal   empty
[    0.000000]   Device   empty
[    0.000000] Movable zone start for each node
[    0.000000] Early memory node ranges
[    0.000000]   node   0: [mem 0x0000000000001000-0x000000000009efff]
[    0.000000]   node   0: [mem 0x0000000000100000-0x000000007ffeffff]
[    0.000000] Initmem setup node 0 [mem 0x0000000000001000-0x000000007ffeffff]
[    0.000000] ACPI: PM-Timer IO Port: 0x4008
[    0.000000] IOAPIC[0]: apic_id 1, version 32, address 0xfec00000, GSI 0-23
[    0.000000] ACPI: INT_SRC_OVR (bus 0 bus_irq 0 global_irq 2 dfl dfl)
[    0.000000] ACPI: INT_SRC_OVR (bus 0 bus_irq 9 global_irq 9 low level)
[    0.000000] Using ACPI (MADT) for SMP configuration information
[    0.000000] smpboot: Allowing 1 CPUs, 0 hotplug CPUs
[    0.000000] PM: Registered nosave memory: [mem 0x00000000-0x00000fff]
[    0.000000] PM: Registered nosave memory: [mem 0x0009f000-0x0009ffff]
[    0.000000] PM: Registered nosave memory: [mem 0x000a0000-0x000effff]
[    0.000000] PM: Registered nosave memory: [mem 0x000f0000-0x000fffff]
[    0.000000] e820: [mem 0x80000000-0xfebfffff] available for PCI devices
[    0.000000] Booting paravirtualized kernel on KVM
[    0.000000] clocksource: refined-jiffies: mask: 0xffffffff max_cycles: 0xffffffff, max_idle_ns: 7645519600211568 ns
[    0.000000] setup_percpu: NR_CPUS:512 nr_cpumask_bits:512 nr_cpu_ids:1 nr_node_ids:1
[    0.000000] PERCPU: Embedded 33 pages/cpu @ffff88007fc00000 s95448 r8192 d31528 u2097152
[    0.000000] Built 1 zonelists in Node order, mobility grouping on.  Total pages: 515960
[    0.000000] Policy zone: DMA32
[    0.000000] Kernel command line: BOOT_IMAGE=/boot/vmlinuz-4.4.0-178-generic root=LABEL=cloudimg-rootfs ro console=tty1 console=ttyS0
[    0.000000] PID hash table entries: 4096 (order: 3, 32768 bytes)
[    0.000000] Memory: 2029996K/2096696K available (8626K kernel code, 1336K rwdata, 4036K rodata, 1488K init, 1292K bss, 66700K reserved, 0K cma-reserved)
[    0.000000] SLUB: HWalign=64, Order=0-3, MinObjects=0, CPUs=1, Nodes=1
[    0.000000] Kernel/User page tables isolation: enabled
[    0.000000] Hierarchical RCU implementation.
[    0.000000] 	Build-time adjustment of leaf fanout to 64.
[    0.000000] 	RCU restricting CPUs from NR_CPUS=512 to nr_cpu_ids=1.
[    0.000000] RCU: Adjusting geometry for rcu_fanout_leaf=64, nr_cpu_ids=1
[    0.000000] NR_IRQS:33024 nr_irqs:256 16
[    0.000000] Console: colour VGA+ 80x25
[    0.000000] console [tty1] enabled
[    0.000000] console [ttyS0] enabled
[    0.000000] tsc: Detected 3398.032 MHz processor
[    0.908374] Calibrating delay loop (skipped) preset value.. 6796.06 BogoMIPS (lpj=13592128)
[    0.910983] pid_max: default: 32768 minimum: 301
[    0.912875] ACPI: Core revision 20150930
[    0.917542] ACPI: 2 ACPI AML tables successfully acquired and loaded
[    0.919543] Security Framework initialized
[    0.920834] Yama: becoming mindful.
[    0.922005] AppArmor: AppArmor initialized
[    0.995278] Dentry cache hash table entries: 262144 (order: 9, 2097152 bytes)
[    0.998555] Inode-cache hash table entries: 131072 (order: 8, 1048576 bytes)
[    1.070491] Mount-cache hash table entries: 4096 (order: 3, 32768 bytes)
[    1.072539] Mountpoint-cache hash table entries: 4096 (order: 3, 32768 bytes)
[    1.074773] Initializing cgroup subsys io
[    1.076127] Initializing cgroup subsys memory
[    1.077531] Initializing cgroup subsys devices
[    1.079059] Initializing cgroup subsys freezer
[    1.080513] Initializing cgroup subsys net_cls
[    1.081913] Initializing cgroup subsys perf_event
[    1.083747] Initializing cgroup subsys net_prio
[    1.085198] Initializing cgroup subsys hugetlb
[    1.086681] Initializing cgroup subsys pids
[    1.088887] mce: CPU supports 0 MCE banks
[    1.090172] process: using mwait in idle threads
[    1.091662] Last level iTLB entries: 4KB 1024, 2MB 1024, 4MB 1024
[    1.093442] Last level dTLB entries: 4KB 1024, 2MB 1024, 4MB 1024, 1GB 4
[    1.095296] Spectre V1 : Mitigation: usercopy/swapgs barriers and __user pointer sanitization
[    1.097931] Spectre V2 : Mitigation: Full generic retpoline
[    1.099582] Spectre V2 : Spectre v2 / SpectreRSB mitigation: Filling RSB on context switch
[    1.102198] Speculative Store Bypass: Vulnerable
[    1.103736] MDS: Mitigation: Clear CPU buffers
[    1.138002] Freeing SMP alternatives memory: 36K
[    1.149238] ftrace: allocating 32308 entries in 127 pages
[    1.246675] smpboot: APIC(0) Converting physical 0 to logical package 0
[    1.249019] smpboot: Max logical packages: 1
[    1.250937] x2apic enabled
[    1.252558] Switched APIC routing to physical x2apic.
[    1.256029] ..TIMER: vector=0x30 apic1=0 pin1=2 apic2=-1 pin2=-1
[    1.365964] smpboot: CPU0: Intel(R) Core(TM) i7-4770 CPU @ 3.40GHz (family: 0x6, model: 0x3c, stepping: 0x3)
[    1.369371] Performance Events: unsupported p6 CPU model 60 no PMU driver, software events only.
[    1.385408] KVM setup paravirtual spinlock
[    1.387572] x86: Booted up 1 node, 1 CPUs
[    1.388859] smpboot: Total of 1 processors activated (6796.06 BogoMIPS)
[    1.466631] devtmpfs: initialized
[    1.478169] evm: security.selinux
[    1.479619] evm: security.SMACK64
[    1.480905] evm: security.SMACK64EXEC
[    1.482365] evm: security.SMACK64TRANSMUTE
[    1.483782] evm: security.SMACK64MMAP
[    1.485097] evm: security.ima
[    1.486209] evm: security.capability
[    1.487615] clocksource: jiffies: mask: 0xffffffff max_cycles: 0xffffffff, max_idle_ns: 7645041785100000 ns
[    1.490411] futex hash table entries: 256 (order: 2, 16384 bytes)
[    1.492233] pinctrl core: initialized pinctrl subsystem
[    1.494014] RTC time:  9:15:23, date: 06/18/20
[    1.495524] NET: Registered protocol family 16
[    1.497121] cpuidle: using governor ladder
[    1.498361] cpuidle: using governor menu
[    1.499695] PCCT header not found.
[    1.500936] ACPI: bus type PCI registered
[    1.502171] acpiphp: ACPI Hot Plug PCI Controller Driver version: 0.5
[    1.504102] PCI: Using configuration type 1 for base access
[    1.508118] ACPI: Added _OSI(Module Device)
[    1.509376] ACPI: Added _OSI(Processor Device)
[    1.510788] ACPI: Added _OSI(3.0 _SCP Extensions)
[    1.512322] ACPI: Added _OSI(Processor Aggregator Device)
[    1.515362] ACPI: Executed 1 blocks of module-level executable AML code
[    1.522201] ACPI: Interpreter enabled
[    1.523602] ACPI: (supports S0 S5)
[    1.524718] ACPI: Using IOAPIC for interrupt routing
[    1.526444] PCI: Using host bridge windows from ACPI; if necessary, use "pci=nocrs" and report a bug
[    1.536460] ACPI: PCI Root Bridge [PCI0] (domain 0000 [bus 00-ff])
[    1.538287] acpi PNP0A03:00: _OSC: OS supports [ASPM ClockPM Segments MSI]
[    1.540970] acpi PNP0A03:00: _OSC: not requesting OS control; OS requires [ExtendedConfig ASPM ClockPM MSI]
[    1.543967] acpi PNP0A03:00: fail to add MMCONFIG information, can't access extended PCI configuration space under this bridge.
[    1.548389] PCI host bridge to bus 0000:00
[    1.549700] pci_bus 0000:00: root bus resource [io  0x0000-0x0cf7 window]
[    1.551661] pci_bus 0000:00: root bus resource [io  0x0d00-0xffff window]
[    1.553592] pci_bus 0000:00: root bus resource [mem 0x000a0000-0x000bffff window]
[    1.557978] pci_bus 0000:00: root bus resource [mem 0x80000000-0xfdffffff window]
[    1.560320] pci_bus 0000:00: root bus resource [bus 00-ff]
[    1.564373] pci 0000:00:01.1: legacy IDE quirk: reg 0x10: [io  0x01f0-0x01f7]
[    1.566795] pci 0000:00:01.1: legacy IDE quirk: reg 0x14: [io  0x03f6]
[    1.568564] pci 0000:00:01.1: legacy IDE quirk: reg 0x18: [io  0x0170-0x0177]
[    1.570382] pci 0000:00:01.1: legacy IDE quirk: reg 0x1c: [io  0x0376]
[    1.596791] pci 0000:00:07.0: quirk: [io  0x4000-0x403f] claimed by PIIX4 ACPI
[    1.617593] pci 0000:00:07.0: quirk: [io  0x4100-0x410f] claimed by PIIX4 SMB
[    1.632766] ACPI: PCI Interrupt Link [LNKA] (IRQs 5 9 10 *11)
[    1.635646] ACPI: PCI Interrupt Link [LNKB] (IRQs 5 9 *10 11)
[    1.638064] ACPI: PCI Interrupt Link [LNKC] (IRQs 5 *9 10 11)
[    1.640464] ACPI: PCI Interrupt Link [LNKD] (IRQs 5 9 10 *11)
[    1.642776] ACPI: Enabled 2 GPEs in block 00 to 07
[    1.644632] vgaarb: setting as boot device: PCI:0000:00:02.0
[    1.646489] vgaarb: device added: PCI:0000:00:02.0,decodes=io+mem,owns=io+mem,locks=none
[    1.648914] vgaarb: loaded
[    1.650105] vgaarb: bridge control possible 0000:00:02.0
[    1.652067] SCSI subsystem initialized
[    1.653512] ACPI: bus type USB registered
[    1.654884] usbcore: registered new interface driver usbfs
[    1.656554] usbcore: registered new interface driver hub
[    1.658143] usbcore: registered new device driver usb
[    1.659774] PCI: Using ACPI for IRQ routing
[    1.661495] NetLabel: Initializing
[    1.662695] NetLabel:  domain hash size = 128
[    1.664035] NetLabel:  protocols = UNLABELED CIPSOv4
[    1.665534] NetLabel:  unlabeled traffic allowed by default
[    1.667337] amd_nb: Cannot enumerate AMD northbridges
[    1.668915] clocksource: Switched to clocksource kvm-clock
[    1.821400] AppArmor: AppArmor Filesystem Enabled
[    1.823291] pnp: PnP ACPI init
[    1.825778] pnp: PnP ACPI: found 3 devices
[    1.833800] clocksource: acpi_pm: mask: 0xffffff max_cycles: 0xffffff, max_idle_ns: 2085701024 ns
[    1.836574] NET: Registered protocol family 2
[    1.838093] TCP established hash table entries: 16384 (order: 5, 131072 bytes)
[    1.840436] TCP bind hash table entries: 16384 (order: 6, 262144 bytes)
[    1.901505] TCP: Hash tables configured (established 16384 bind 16384)
[    1.903591] UDP hash table entries: 1024 (order: 3, 32768 bytes)
[    1.905398] UDP-Lite hash table entries: 1024 (order: 3, 32768 bytes)
[    1.907443] NET: Registered protocol family 1
[    1.908942] pci 0000:00:00.0: Limiting direct PCI/PCI transfers
[    1.910999] pci 0000:00:01.0: Activating ISA DMA hang workarounds
[    1.913626] Unpacking initramfs...
[    3.673081] Freeing initrd memory: 14880K
[    3.674619] RAPL PMU detected, API unit is 2^-32 Joules, 4 fixed counters 10737418240 ms ovfl timer
[    3.677402] hw unit of domain pp0-core 2^-0 Joules
[    3.679031] hw unit of domain package 2^-0 Joules
[    3.680648] hw unit of domain dram 2^-0 Joules
[    3.682279] hw unit of domain pp1-gpu 2^-0 Joules
[    3.683806] clocksource: tsc: mask: 0xffffffffffffffff max_cycles: 0x30fb0bc6d54, max_idle_ns: 440795315994 ns
[    3.686994] platform rtc_cmos: registered platform RTC device (no PNP device found)
[    3.689490] Scanning for low memory corruption every 60 seconds
[    3.691641] audit: initializing netlink subsys (disabled)
[    3.693312] audit: type=2000 audit(1592471732.635:1): initialized
[    3.695475] Initialise system trusted keyring
[    3.696985] HugeTLB registered 2 MB page size, pre-allocated 0 pages
[    3.701534] zbud: loaded
[    3.703001] VFS: Disk quotas dquot_6.6.0
[    3.704349] VFS: Dquot-cache hash table entries: 512 (order 0, 4096 bytes)
[    3.706733] squashfs: version 4.0 (2009/01/31) Phillip Lougher
[    3.708858] fuse init (API version 7.23)
[    3.710397] Key type big_key registered
[    3.711767] Allocating IMA MOK and blacklist keyrings.
[    3.714162] Key type asymmetric registered
[    3.715518] Asymmetric key parser 'x509' registered
[    3.717237] Block layer SCSI generic (bsg) driver version 0.4 loaded (major 249)
[    3.719594] io scheduler noop registered
[    3.720823] io scheduler deadline registered (default)
[    3.722384] io scheduler cfq registered
[    3.723760] pci_hotplug: PCI Hot Plug PCI Core version: 0.5
[    3.725298] pciehp: PCI Express Hot Plug Controller Driver version: 0.4
[    3.727291] ACPI: AC Adapter [AC] (on-line)
[    3.728633] input: Power Button as /devices/LNXSYSTM:00/LNXPWRBN:00/input/input0
[    3.730913] ACPI: Power Button [PWRF]
[    3.732244] input: Sleep Button as /devices/LNXSYSTM:00/LNXSLPBN:00/input/input1
[    3.734940] ACPI: Sleep Button [SLPF]
[    3.736304] GHES: HEST is not enabled!
[    3.737601] Serial: 8250/16550 driver, 32 ports, IRQ sharing enabled
[    3.760377] 00:02: ttyS0 at I/O 0x3f8 (irq = 4, base_baud = 115200) is a 16550A
[    3.764792] Linux agpgart interface v0.103
[    3.855254] loop: module loaded
[    3.857936] scsi host0: ata_piix
[    3.859550] scsi host1: ata_piix
[    3.861182] ata1: PATA max UDMA/33 cmd 0x1f0 ctl 0x3f6 bmdma 0xd000 irq 14
[    3.863703] ata2: PATA max UDMA/33 cmd 0x170 ctl 0x376 bmdma 0xd008 irq 15
[    3.867277] libphy: Fixed MDIO Bus: probed
[    3.869148] tun: Universal TUN/TAP device driver, 1.6
[    3.870977] tun: (C) 1999-2004 Max Krasnyansky <maxk@qualcomm.com>
[    3.873447] PPP generic driver version 2.4.2
[    3.875261] ehci_hcd: USB 2.0 'Enhanced' Host Controller (EHCI) Driver
[    3.877761] ehci-pci: EHCI PCI platform driver
[    3.879995] ehci-platform: EHCI generic platform driver
[    3.882112] ohci_hcd: USB 1.1 'Open' Host Controller (OHCI) Driver
[    3.884331] ohci-pci: OHCI PCI platform driver
[    3.885886] ohci-platform: OHCI generic platform driver
[    3.900681] uhci_hcd: USB Universal Host Controller Interface driver
[    3.902970] i8042: PNP: PS/2 Controller [PNP0303:PS2K,PNP0f03:PS2M] at 0x60,0x64 irq 1,12
[    3.906480] serio: i8042 KBD port at 0x60,0x64 irq 1
[    3.907911] serio: i8042 AUX port at 0x60,0x64 irq 12
[    3.909579] mousedev: PS/2 mouse device common for all mice
[    3.911981] input: AT Translated Set 2 keyboard as /devices/platform/i8042/serio0/input/input2
[    3.915771] rtc_cmos rtc_cmos: rtc core: registered rtc_cmos as rtc0
[    3.919491] rtc_cmos rtc_cmos: alarms up to one day, 114 bytes nvram
[    3.921696] i2c /dev entries driver
[    3.923188] device-mapper: uevent: version 1.0.3
[    3.924846] device-mapper: ioctl: 4.34.0-ioctl (2015-10-28) initialised: dm-devel@redhat.com
[    3.927548] ledtrig-cpu: registered to indicate activity on CPUs
[    3.929676] NET: Registered protocol family 10
[    3.931275] NET: Registered protocol family 17
[    3.933393] Key type dns_resolver registered
[    3.935314] registered taskstats version 1
[    3.936886] Loading compiled-in X.509 certificates
[    3.939145] Loaded X.509 cert 'Build time autogenerated kernel key: f33c437cc9123d9712070bdfe932b55b24c56047'
[    3.942379] zswap: loaded using pool lzo/zbud
[    3.947519] Key type trusted registered
[    3.955041] Key type encrypted registered
[    3.956403] AppArmor: AppArmor sha1 policy hashing enabled
[    3.958401] ima: No TPM chip found, activating TPM-bypass!
[    3.960268] ima: Allocated hash algorithm: sha1
[    3.961912] evm: HMAC attrs: 0x1
[    3.963912]   Magic number: 8:26:273
[    3.965294] tty tty10: hash matches
[    3.966516] net lo: hash matches
[    3.967812] rtc_cmos rtc_cmos: setting system clock to 2020-06-18 09:15:25 UTC (1592471725)
[    3.970583] BIOS EDD facility v0.16 2004-Jun-25, 0 devices found
[    3.972232] EDD information not available.
[    4.052041] Freeing unused kernel memory: 1488K
[    4.054009] Write protecting the kernel read-only data: 14336k
[    4.056350] Freeing unused kernel memory: 1604K
[    4.057977] Freeing unused kernel memory: 60K
Loading, please wait...
starting version 229
[    4.076429] random: udevadm: uninitialized urandom read (16 bytes read, 3 bits of entropy available)
[    4.081252] random: systemd-udevd: uninitialized urandom read (16 bytes read, 3 bits of entropy available)
[    4.084801] random: systemd-udevd: uninitialized urandom read (16 bytes read, 3 bits of entropy available)
[    4.087850] random: udevadm: uninitialized urandom read (16 bytes read, 3 bits of entropy available)
[    4.090834] random: systemd-udevd: uninitialized urandom read (16 bytes read, 3 bits of entropy available)
[    4.093815] random: systemd-udevd: uninitialized urandom read (16 bytes read, 3 bits of entropy available)
[    4.107711] random: systemd-udevd: uninitialized urandom read (16 bytes read, 3 bits of entropy available)
[    4.110555] random: systemd-udevd: uninitialized urandom read (16 bytes read, 3 bits of entropy available)
[    4.113517] random: systemd-udevd: uninitialized urandom read (16 bytes read, 3 bits of entropy available)
[    4.121023] random: udevadm: uninitialized urandom read (16 bytes read, 3 bits of entropy available)
[    4.232638] e1000: Intel(R) PRO/1000 Network Driver - version 7.3.21-k8-NAPI
[    4.235057] e1000: Copyright (c) 1999-2006 Intel Corporation.
[    4.243519] Fusion MPT base driver 3.04.20
[    4.245223] Copyright (c) 1999-2008 LSI Corporation
[    4.343314] Fusion MPT SPI Host driver 3.04.20
[    4.392628] AVX2 version of gcm_enc/dec engaged.
[    4.394135] AES CTR mode by8 optimization enabled
[    4.731988] input: ImExPS/2 Generic Explorer Mouse as /devices/platform/i8042/serio1/input/input4
[    4.776663] e1000 0000:00:03.0 eth0: (PCI:33MHz:32-bit) 02:cb:9c:89:30:63
[    4.778866] e1000 0000:00:03.0 eth0: Intel(R) PRO/1000 Network Connection
[    4.782018] mptbase: ioc0: Initiating bringup
[    4.845824] ioc0: LSI53C1030 A0: Capabilities={Initiator}
[    5.007143] scsi host2: ioc0: LSI53C1030 A0, FwRev=00000000h, Ports=1, MaxQ=256, IRQ=20
[    5.123862] scsi 2:0:0:0: Direct-Access     VBOX     HARDDISK         1.0  PQ: 0 ANSI: 5
[    5.126676] scsi target2:0:0: Beginning Domain Validation
[    5.129147] scsi target2:0:0: Domain Validation skipping write tests
[    5.130917] scsi target2:0:0: Ending Domain Validation
[    5.132949] scsi target2:0:0: asynchronous
[    5.153162] scsi 2:0:1:0: Direct-Access     VBOX     HARDDISK         1.0  PQ: 0 ANSI: 5
[    5.155599] scsi target2:0:1: Beginning Domain Validation
[    5.157910] scsi target2:0:1: Domain Validation skipping write tests
[    5.159675] scsi target2:0:1: Ending Domain Validation
[    5.161174] scsi target2:0:1: asynchronous
[    5.298599] sd 2:0:0:0: Attached scsi generic sg0 type 0
[    5.300546] sd 2:0:0:0: [sda] 20971520 512-byte logical blocks: (10.7 GB/10.0 GiB)
[    5.303313] sd 2:0:1:0: [sdb] 20480 512-byte logical blocks: (10.5 MB/10.0 MiB)
[    5.305678] sd 2:0:1:0: Attached scsi generic sg1 type 0
[    5.307265] sd 2:0:1:0: [sdb] Write Protect is off
[    5.308793] sd 2:0:0:0: [sda] Write Protect is off
[    5.310243] sd 2:0:1:0: [sdb] Incomplete mode parameter data
[    5.312051] sd 2:0:1:0: [sdb] Assuming drive cache: write through
[    5.314225] sd 2:0:0:0: [sda] Incomplete mode parameter data
[    5.315903] sd 2:0:0:0: [sda] Assuming drive cache: write through
[    5.334253]  sda: sda1
[    5.335911] sd 2:0:0:0: [sda] Attached SCSI disk
[    5.337604] sd 2:0:1:0: [sdb] Attached SCSI disk
[    5.572724] e1000 0000:00:08.0 eth1: (PCI:33MHz:32-bit) 08:00:27:5f:e9:91
[    5.574752] e1000 0000:00:08.0 eth1: Intel(R) PRO/1000 Network Connection
[    5.578093] e1000 0000:00:08.0 enp0s8: renamed from eth1
[    5.581959] e1000 0000:00:03.0 enp0s3: renamed from eth0
Begin: Loading essential drivers ... [    7.200177] md: linear personality registered for level -1
[    7.205423] md: multipath personality registered for level -4
[    7.210693] md: raid0 personality registered for level 0
[    7.220066] md: raid1 personality registered for level 1
[    7.293000] raid6: sse2x1   gen()  3021 MB/s
[    7.361309] raid6: sse2x1   xor()  2049 MB/s
[    7.429141] raid6: sse2x2   gen()  5454 MB/s
[    7.496955] raid6: sse2x2   xor()  3650 MB/s
[    7.565284] raid6: sse2x4   gen()  8322 MB/s
[    7.633081] raid6: sse2x4   xor()  4905 MB/s
[    7.701399] raid6: avx2x1   gen()  6799 MB/s
[    7.769217] raid6: avx2x2   gen() 12536 MB/s
[    7.837046] raid6: avx2x4   gen() 16147 MB/s
[    7.838481] raid6: using algorithm avx2x4 gen() 16147 MB/s
[    7.840201] raid6: using avx2x2 recovery algorithm
[    7.843973] xor: automatically using best checksumming function:
[    7.885361]    avx       : 20787.000 MB/sec
[    7.889321] async_tx: api initialized (async)
[    7.905972] md: raid6 personality registered for level 6
[    7.907495] md: raid5 personality registered for level 5
[    7.909012] md: raid4 personality registered for level 4
[    7.919326] md: raid10 personality registered for level 10
done.
Begin: Running /scripts/init-premount ... done.
Begin: Mounting root file system ... Begin: Running /scripts/local-top ... done.
Begin: Running /scripts/local-premount ... [    7.974626] Btrfs loaded
Scanning for Btrfs filesystems
done.
Warning: fsck not present, so skipping root file system
[    8.009409] EXT4-fs (sda1): mounted filesystem with ordered data mode. Opts: (null)
done.
Begin: Running /scripts/local-bottom ... done.
Begin: Running /scripts/init-bottom ... done.
[    8.117250] systemd[1]: systemd 229 running in system mode. (+PAM +AUDIT +SELINUX +IMA +APPARMOR +SMACK +SYSVINIT +UTMP +LIBCRYPTSETUP +GCRYPT +GNUTLS +ACL +XZ -LZ4 +SECCOMP +BLKID +ELFUTILS +KMOD -IDN)
[    8.122370] systemd[1]: Detected virtualization oracle.
[    8.124005] systemd[1]: Detected architecture x86-64.

Welcome to [1mUbuntu 16.04.6 LTS[0m!

[    8.128164] systemd[1]: Set hostname to <ubuntu>.
[    8.131545] systemd[1]: Initializing machine ID from random generator.
[    8.133673] systemd[1]: Installed transient /etc/machine-id file.
[    8.282607] systemd[1]: Listening on udev Kernel Socket.
[[0;32m  OK  [0m] Listening on udev Kernel Socket.
[    8.286019] systemd[1]: Created slice System Slice.
[[0;32m  OK  [0m] Created slice System Slice.
[    8.288616] systemd[1]: Started Trigger resolvconf update for networkd DNS.
[[0;32m  OK  [0m] Started Trigger resolvconf update for networkd DNS.
[    8.292612] systemd[1]: Started Forward Password Requests to Wall Directory Watch.
[[0;32m  OK  [0m] Started Forward Password Requests to Wall Directory Watch.
[    8.296222] systemd[1]: Listening on Journal Audit Socket.
[[0;32m  OK  [0m] Listening on Journal Audit Socket.
[    8.299228] systemd[1]: Created slice system-serial\x2dgetty.slice.
[[0;32m  OK  [0m] Created slice system-serial\x2dgetty.slice.
[    8.301967] systemd[1]: Reached target Encrypted Volumes.
[[0;32m  OK  [0m] Reached target Encrypted Volumes.
[    8.304617] systemd[1]: Listening on LVM2 poll daemon socket.
[[0;32m  OK  [0m] Listening on LVM2 poll daemon socket.
[    8.307296] systemd[1]: Set up automount Arbitrary Executable File Formats File System Automount Point.
[[0;32m  OK  [0m] Set up automount Arbitrary Executab...ats File System Automount Point.
[    8.311755] systemd[1]: Listening on udev Control Socket.
[[0;32m  OK  [0m] Listening on udev Control Socket.
[    8.315255] systemd[1]: Listening on Journal Socket (/dev/log).
[[0;32m  OK  [0m] Listening on Journal Socket (/dev/log).
[    8.318720] systemd[1]: Reached target Swap.
[[0;32m  OK  [0m] Reached target Swap.
[    8.321267] systemd[1]: Reached target System Time Synchronized.
[[0;32m  OK  [0m] Reached target System Time Synchronized.
[    8.324412] systemd[1]: Reached target User and Group Name Lookups.
[[0;32m  OK  [0m] Reached target User and Group Name Lookups.
[    8.327607] systemd[1]: Listening on Syslog Socket.
[[0;32m  OK  [0m] Listening on Syslog Socket.
[    8.330554] systemd[1]: Created slice User and Session Slice.
[[0;32m  OK  [0m] Created slice User and Session Slice.
[    8.333729] systemd[1]: Reached target Slices.
[[0;32m  OK  [0m] Reached target Slices.
[    8.336209] systemd[1]: Listening on Device-mapper event daemon FIFOs.
[[0;32m  OK  [0m] Listening on Device-mapper event daemon FIFOs.
[    8.339451] systemd[1]: Listening on /dev/initctl Compatibility Named Pipe.
[[0;32m  OK  [0m] Listening on /dev/initctl Compatibility Named Pipe.
[    8.342737] systemd[1]: Listening on LVM2 metadata daemon socket.
[[0;32m  OK  [0m] Listening on LVM2 metadata daemon socket.
[    8.346091] systemd[1]: Listening on Journal Socket.
[[0;32m  OK  [0m] Listening on Journal Socket.
[    8.349881] systemd[1]: Starting Remount Root and Kernel File Systems...
         Starting Remount Root and Kernel File Systems...
[    8.355648] systemd[1]: Starting Monitoring of LVM2 mirrors, snapshots etc. using dmeventd or progress polling...
[    8.359967] EXT4-fs (sda1): re-mounted. Opts: (null)
         Starting Monitoring of LVM2 mirrors... dmeventd or progress polling...
[    8.430784] systemd[1]: Mounting Debug File System...
         Mounting Debug File System...
[    8.434661] systemd[1]: Starting Set console keymap...
         Starting Set console keymap...
[    8.439877] systemd[1]: Starting Uncomplicated firewall...
         Starting Uncomplicated firewall...
[    8.450617] systemd[1]: Starting Create list of required static device nodes for the current kernel...
         Starting Create list of required st... nodes for the current kernel...
[    8.467369] systemd[1]: Starting Load Kernel Modules...
         Starting Load Kernel Modules...
[    8.474955] systemd[1]: Starting Nameserver information manager...
         Starting Nameserver information manager...
[    8.483376] systemd[1]: Mounting Huge Pages File System...
         Mounting Huge Pages File System...
[    8.492774] systemd[1]: Mounting POSIX Message Queue File System...
         Mounting POSIX Message Queue File System...
[    8.502904] systemd[1]: Starting Journal Service...
         Starting Journal Service...[    8.507586] Loading iSCSI transport class v2.0-870.

[    8.519943] systemd[1]: Mounted POSIX Message Queue File System.
[[0;32m  OK  [0m] Mounted POSIX Message Queue File System.
[    8.524297] systemd[1]: Mounted Debug File System.
[[0;32m  OK  [0m] Mounted Debug File System.
[    8.530175] systemd[1]: Mounted Huge Pages File System.
[[0;32m  OK  [0m] Mounted Huge Pages File System.
[    8.606415] systemd[1]: Started Remount Root and Kernel File Systems.
[[0;32m  OK  [0m] Started Remount Root and Kernel File Systems.
[    8.610422] systemd[1]: Started Uncomplicated firewall.
[[0;32m  OK  [0m] Started Uncomplicated firewall.
[    8.614443] systemd[1]: Started Create list of required static device nodes for the current kernel.
[[0;32m  OK  [0m] Started Create list of required sta...ce nodes for the current kernel.
[    8.623208] iscsi: registered transport (tcp)
[    8.634641] systemd[1]: Started LVM2 metadata daemon.
[[0;32m  OK  [0m] Started LVM2 metadata daemon.
[    8.641458] systemd[1]: Starting Create Static Device Nodes in /dev...
         Starting Create Static Device Nodes in /dev...
[    8.651356] systemd[1]: Starting Load/Save Random Seed...
         Starting Load/Save Random Seed...
[    8.662213] systemd[1]: Starting udev Coldplug all Devices...
         Starting udev Coldplug all Devices...
[    8.670783] systemd[1]: Started Nameserver information manager.
[[0;32m  OK  [0m] Started Nameserver information manager.
[    8.686014] systemd[1]: Started Load/Save Random Seed.
[[0;32m  OK  [0m] Started Load/Save Random Seed.
[    8.710864] systemd[1]: Started Create Static Device Nodes in /dev.
[[0;32m  OK  [0m] Started Create Static Device Nodes in /dev.
[    8.718218] systemd[1]: Starting udev Kernel Device Manager...
         Starting udev Kernel Device Manager...
[    8.828178] systemd[1]: Started udev Kernel Device Manager.
[[0;32m  OK  [0m] Started udev Kernel Device Manager.
[    8.938618] random: nonblocking pool is initialized
[    8.944549] systemd[1]: Started Monitoring of LVM2 mirrors, snapshots etc. using dmeventd or progress polling.
[[0;32m  OK  [0m] Started Monitoring of LVM2 mirrors,...ng dmeventd or progress polling.
[    8.956209] iscsi: registered transport (iser)
[    8.963764] systemd[1]: Started Load Kernel Modules.
[[0;32m  OK  [0m] Started Load Kernel Modules.
[    8.971030] systemd[1]: Starting Apply Kernel Variables...
         Starting Apply Kernel Variables...
[    8.978571] systemd[1]: Mounting FUSE Control File System...
         Mounting FUSE Control File System...
[[0;32m  OK  [0m] Started Apply Kernel Variables.
[[0;32m  OK  [0m] Mounted FUSE Control File System.
[[0;32m  OK  [0m] Started Set console keymap.
[[0;32m  OK  [0m] Reached target Local File Systems (Pre).
[[0;32m  OK  [0m] Reached target Local File Systems.
         Starting Commit a transient machine-id on disk...
         Starting Set console font and keymap...
         Starting Tell Plymouth To Write Out Runtime Data...
         Starting Initial cloud-init job (pre-networking)...
         Starting LSB: AppArmor initialization...
[[0;32m  OK  [0m] Started Journal Service.
[[0;32m  OK  [0m] Started Commit a transient machine-id on disk.
[[0;32m  OK  [0m] Started Tell Plymouth To Write Out Runtime Data.
         Starting Flush Journal to Persistent Storage...
[[0;32m  OK  [0m] Started Flush Journal to Persistent Storage.
         Starting Create Volatile Files and Directories...
[[0;32m  OK  [0m] Started Create Volatile Files and Directories.
         Starting Update UTMP about System Boot/Shutdown...
[[0;32m  OK  [0m] Started Update UTMP about System Boot/Shutdown.
[[0;32m  OK  [0m] Started udev Coldplug all Devices.
[[0;32m  OK  [0m] Started Dispatch Password Requests to Console Directory Watch.
[[0;32m  OK  [0m] Found device /dev/ttyS0.
[[0;32m  OK  [0m] Started Set console font and keymap.
[[0;32m  OK  [0m] Created slice system-getty.slice.
[[0;32m  OK  [0m] Listening on Load/Save RF Kill Switch Status /dev/rfkill Watch.
[[0;32m  OK  [0m] Started Initial cloud-init job (pre-networking).
[[0;32m  OK  [0m] Reached target Network (Pre).
[   14.604608] cloud-init[502]: Cloud-init v. 19.4-33-gbb4131a2-0ubuntu1~16.04.1 running 'init-local' at Thu, 18 Jun 2020 09:15:35 +0000. Up 13.06 seconds.
[[0;32m  OK  [0m] Started LSB: AppArmor initialization.
         Starting Raise network interfaces...
[[0;32m  OK  [0m] Started Raise network interfaces.
         Starting Initial cloud-init job (metadata service crawler)...
[[0;32m  OK  [0m] Reached target Network.
[   18.183813] cloud-init[1003]: Cloud-init v. 19.4-33-gbb4131a2-0ubuntu1~16.04.1 running 'init' at Thu, 18 Jun 2020 09:15:40 +0000. Up 17.41 seconds.
[   18.186090] cloud-init[1003]: ci-info: ++++++++++++++++++++++++++++++++++++++Net device info+++++++++++++++++++++++++++++++++++++++
[   18.192542] cloud-init[1003]: ci-info: +--------+-------+----------------------------+---------------+--------+-------------------+
[   18.194395] cloud-init[1003]: ci-info: | Device |   Up  |          Address           |      Mask     | Scope  |     Hw-Address    |
[   18.196759] cloud-init[1003]: ci-info: +--------+-------+----------------------------+---------------+--------+-------------------+
[   18.204707] cloud-init[1003]: ci-info: | enp0s3 |  True |         10.0.2.15          | 255.255.255.0 | global | 02:cb:9c:89:30:63 |
[   18.206421] cloud-init[1003]: ci-info: | enp0s3 |  True | fe80::cb:9cff:fe89:3063/64 |       .       |  link  | 02:cb:9c:89:30:63 |
[   18.212470] cloud-init[1003]: ci-info: | enp0s8 | False |             .              |       .       |   .    | 08:00:27:5f:e9:91 |
[   18.220539] cloud-init[1003]: ci-info: |   lo   |  True |         127.0.0.1          |   255.0.0.0   |  host  |         .         |
[   18.222928] cloud-init[1003]: ci-info: |   lo   |  True |          ::1/128           |       .       |  host  |         .         |
[   18.228436] cloud-init[1003]: ci-info: +--------+-------+----------------------------+---------------+--------+-------------------+
[   18.236862] cloud-init[1003]: ci-info: +++++++++++++++++++++++++++Route IPv4 info++++++++++++++++++++++++++++
[   18.238763] cloud-init[1003]: ci-info: +-------+-------------+----------+---------------+-----------+-------+
[   18.240752] cloud-init[1003]: ci-info: | Route | Destination | Gateway  |    Genmask    | Interface | Flags |
[   18.244475] cloud-init[1003]: ci-info: +-------+-------------+----------+---------------+-----------+-------+
[   18.248499] cloud-init[1003]: ci-info: |   0   |   0.0.0.0   | 10.0.2.2 |    0.0.0.0    |   enp0s3  |   UG  |
[   18.250465] cloud-init[1003]: ci-info: |   1   |   10.0.2.0  | 0.0.0.0  | 255.255.255.0 |   enp0s3  |   U   |
[   18.256876] cloud-init[1003]: ci-info: +-------+-------------+----------+---------------+-----------+-------+
[   18.258782] cloud-init[1003]: ci-info: +++++++++++++++++++Route IPv6 info+++++++++++++++++++
[   18.260545] cloud-init[1003]: ci-info: +-------+-------------+---------+-----------+-------+
[   18.264268] cloud-init[1003]: ci-info: | Route | Destination | Gateway | Interface | Flags |
[   18.268274] cloud-init[1003]: ci-info: +-------+-------------+---------+-----------+-------+
[   18.272482] cloud-init[1003]: ci-info: |   0   |  fe80::/64  |    ::   |   enp0s3  |   U   |
[   18.273836] cloud-init[1003]: ci-info: |   3   |   ff00::/8  |    ::   |   enp0s3  |   U   |
[   18.276681] cloud-init[1003]: ci-info: +-------+-------------+---------+-----------+-------+
[   18.280632] cloud-init[1003]: Generating public/private rsa key pair.
[[0;32m  OK  [0m] Started Initial cloud-init job (metadata service crawler).
[[0;32m  OK  [0m] Reached target Network is Online.
[   18.294010] cloud-init[1003]: Your identification has been saved in /etc/ssh/ssh_host_rsa_key.
         Starting iSCSI initiator daemon (iscsid)...
[   18.298482] cloud-init[1003]: Your public key has been saved in /etc/ssh/ssh_host_rsa_key.pub.
[[0;32m  OK  [0m] Reached target System Initialization.
[[0;32m  OK  [0m] Started Message of the Day.
[[0;32m  OK  [0m] Started Daily Cleanup of Temporary Directories.
[[0;32m  OK  [0m] Listening on ACPID Listen Socket.
[   18.307527] cloud-init[1003]: The key fingerprint is:
[   18.325076] cloud-init[1003]: SHA256:DX7pix4Va83NGkJ9S7q9hkmyXu99we1JwS1Fda7be8g root@ubuntu-xenial
         Starting Socket activation for snappy daemon.
[   18.328047] cloud-init[1003]: The key's randomart image is:
[[0;32m  OK  [0m] Started ACPI Events Check.
[[0;32m  OK  [0m] Reached target Paths.
[[0;32m  OK  [0m] Started Daily apt download activities.[   18.329504] cloud-init[1003]: +---[RSA 2048]----+
[   18.333001] cloud-init[1003]: |               .=|
[   18.333672] cloud-init[1003]: |           .   .o|
[   18.334385] cloud-init[1003]: |        . o . +.o|
[   18.335281] cloud-init[1003]: |       . + * *.=.|

[[0;32m  OK  [0m] Listening on UUID daemon activation socket.
         Starting LXD - unix socket.
[[0;32m  OK  [0m] Listening on D-Bus System Message Bus Socket.
[   18.340033] cloud-init[1003]: |        S O = *.o|
[[0;32m  OK  [0m] Started Daily apt upgrade and clean activities.
[[0;32m  OK  [0m] Reached target Timers.
[[0;32m  OK  [0m] Reached target Cloud-config availability.
[   18.343177] cloud-init[1003]: |         =...= *.|
[[0;32m  OK  [0m] Listening on Socket activation for snappy daemon.
[[0;32m  OK  [0m] Listening on LXD - unix socket.
[   18.358104] cloud-init[1003]: |        . .++++o+|
[[0;32m  OK  [0m] Started iSCSI initiator daemon (iscsid).
[   18.361874] cloud-init[1003]: |         o.oo.E+=|
[   18.363114] cloud-init[1003]: |       .o.o  o+.+|         Starting Login to default iSCSI targets...
[[0;32m  OK  [0m] Reached target Sockets.
[[0;32m  OK  [0m] Reached target Basic System.

[   18.368515] cloud-init[1003]: +----[SHA256]-----+
[   18.369713] cloud-init[1003]: Generating public/private dsa key pair.
[   18.371098] cloud-init[1003]: Your identification has been saved in /etc/ssh/ssh_host_dsa_key.         Starting System Logging Service...

[   18.377545] cloud-init[1003]: [[0;32m  OK  [0m] Started Deferred execution scheduler.
Your public key has been saved in /etc/ssh/ssh_host_dsa_key.pub.
         Starting Accounts Service...
[[0;32m  OK  [0m] Started D-Bus System Message Bus.
[   18.392436] cloud-init[1003]: The key fingerprint is:
[   18.404452] cloud-init[1003]: SHA256:fT6qH2fgQxC9fFpBX5xmc1OTjILzeGVrcYDOCd/ytZw root@ubuntu-xenial
[   18.408294] cloud-init[1003]: The key's randomart image is:
[   18.421130] cloud-init[1003]: +---[DSA 1024]----+
[   18.426844] cloud-init[1003]: |        ....o.+o*|
[   18.428784] cloud-init[1003]: |         =.o.* @+|
[   18.432322] cloud-init[1003]: |        ..O.*.B +|
[   18.434388] cloud-init[1003]: |         +oOo+ . |
[   18.436518] cloud-init[[0;32m  OK  [0m] Started FUSE filesystem for LXC.
[1003]: |        S =+= o o|[[0;32m  OK  [0m] Started Regular background program processing daemon.
         Starting Login Service...

         Starting Pollinate to seed the pseudo random number generator...
         Starting LXD - container startup/shutdown...
         Starting Virtualbox guest utils...
[[0;32m  OK  [0m] Started ACPI event daemon.
         Starting /etc/rc.local Compatibility...
         Starting LSB: MD monitoring daemon...
         Starting LSB: Record successful boot for GRUB...
         Starting Snappy daemon...
[[0;32m  OK  [0m] Started System Logging Service.
[[0;32m  OK  [0m] Started /etc/rc.local Compatibility.
[   18.543050] cloud-init[1003]: |         o.+ . E |[[0;32m  OK  [0m] Started Login to default iSCSI targets.
[[0;32m  OK  [0m] Reached target Remote File Systems (Pre).
[[0;32m  OK  [0m] Reached target Remote File Systems.
         Starting LSB: automatic crash report generation...
         Starting LSB: daemon to balance interrupts for SMP systems...
         Starting Permit User Sessions...
         Starting LSB: Set the CPU Frequency Scaling governor to "ondemand"...
[[0;32m  OK  [0m] Started Permit User Sessions.

[   18.603203]          Starting Terminate Plymouth Boot Screen...
         Starting Hold until boot process finishes up...
cloud-init[1003]: |          + =    |
[[0;32m  OK  [0m] Started Hold until boot process finishes up.
[[0;32m  OK  [0m] Started Getty on tty1.
         Starting Set console scheme...
[[0;32m  OK  [0m] Started Serial Getty on ttyS0.
[[0;32m  OK  [0m] Reached target Login Prompts.
[[0;32m  OK  [0m] Started Terminate Plymouth Boot Screen.
[   18.646509] cloud-init[1003]: |           * .   |[[0;32m  OK  [0m] Started Set console scheme.
[[0;32m  OK  [0m] Started Login Service.

[   18.664610] cloud-init[1003]: |        .oo      |
[   18.832788] cloud-init[1003]: +----[SHA256]-----+
[   18.837345] cloud-init[1003]: Generating public/private ecdsa key pair.         Starting Authenticate and Authorize Users to Run Privileged Tasks...
[[0;32m  OK  [0m] Started Unattended Upgrades Shutdown.
[[0;32m  OK  [0m] Started LSB: MD monitoring daemon.
[[0;32m  OK  [0m] Started LSB: Set the CPU Frequency Scaling governor to "ondemand".

[   19.158390] cloud-init[1003]: Your identification has been saved in /etc/ssh/ssh_host_ecdsa_key.
[   19.168407] cloud-init[1003]: Your public key has been saved in /etc/ssh/ssh_host_ecdsa_key.pub.
[   19.264743] [[0;32m  OK  [0m] Started Authenticate and Authorize Users to Run Privileged Tasks.
cloud-init[1003]: The key fingerprint is:
[[0;32m  OK  [0m] Started LSB: automatic crash report generation.
[   19.361688] cloud-init[1003]: SHA256:efPxVwmco6Ztqeuw5zfulbUzbxkw4nFgwLkCQ9u9uW4 root@ubuntu-xenial
[   19.368600] cloud-init[1003]: The key's randomart image is:
[[0;32m  OK  [0m] Started Accounts Service.
[   19.461913] cloud-init[1003]: +---[ECDSA 256]---+
[[0;32m  OK  [0m] Started LXD - container startup/shutdown.
[   19.473897] cloud-init[1003]: |    ..  ..o      |
[   19.476357] cloud-init[1003]: |     oo .o o. .  |
[   19.478268] cloud-init[1003]: |     .o. .o .=   |
[   19.552942] cloud-init[1003]: |       . ooo.+o .|
[   19.557682] cloud-init[1003]: |        So+o= oo.|
[   19.633392] cloud-init[1003]: |         .=+.oo.o|
[   19.635883] cloud-init[1003]: |       . o +.o.++|
[   19.735910] cloud-init[1003]: |        +Eoo.  o=|
[   19.817176] cloud-init[1003]: |       .=*=o.  ..|
[   19.818440] cloud-init[1003]: +----[SHA256]-----+
[   19.820430] cloud-init[1003]: Generating public/private ed25519 key pair.
[   19.824486] cloud-init[1003]: Your identification has been saved in /etc/ssh/ssh_host_ed25519_key.
[   19.825862] cloud-init[1003]: Your public key has been saved in /etc/ssh/ssh_host_ed25519_key.pub.
[   19.827250] cloud-init[1003]: The key fingerprint is:
[   19.832727] cloud-init[1003]: SHA256:mU8u1lUEJ8Jbkm6U0wgljieypmVM5qZ8Iz+UVsNMaN4 root@ubuntu-xenial
[   19.841007] cloud-init[1003]: The key's randomart image is:
[   19.848309] cloud-init[1003]: +--[ED25519 256]--+
[   19.849442] cloud-init[1003]: |     .  o+o=o.o  |
[   19.943552] cloud-init[1003]: |    o .o .O.o+   |
[[0;32m  OK  [0m] Started LSB: daemon to balance interrupts for SMP systems.
[   19.958327] cloud-init[1003]: |   o+=o oo =  .  |
[   19.961473] cloud-init[1003]: |   =.oEo o+  .   |
[[0;32m  OK  [0m] Started LSB: Record successful boot for GRUB.
[   19.972149] cloud-init[1003]: |    Oo .S.. .    |
[   19.977028] cloud-init[1003]: | . B+    = .     |
[   19.978976] cloud-init[1003]: |  =oo   o +      |
[   19.988381] cloud-init[1003]: |   +.. . .       |
[   19.989822] cloud-init[1003]: |    ..           |
[   19.991061] cloud-init[1003]: +----[SHA256]-----+
[[0;32m  OK  [0m] Started Virtualbox guest utils.
[[0;32m  OK  [0m] Started Snappy daemon.
         Starting Wait until snapd is fully seeded...
[[0;32m  OK  [0m] Started Pollinate to seed the pseudo random number generator.
         Starting OpenBSD Secure Shell server...
[[0;32m  OK  [0m] Started OpenBSD Secure Shell server.
[[0;32m  OK  [0m] Started Wait until snapd is fully seeded.
         Starting Apply the settings specified in cloud-config...
[[0;32m  OK  [0m] Reached target Multi-User System.
[[0;32m  OK  [0m] Reached target Graphical Interface.
         Starting Update UTMP about System Runlevel Changes...
[[0;32m  OK  [0m] Started Update UTMP about System Runlevel Changes.
[   23.769027] cloud-init[1364]: Generating locales (this might take a while)...

Ubuntu 16.04.6 LTS ubuntu-xenial ttyS0

ubuntu-xenial login: [   34.948823] cloud-init[1364]:   en_US.UTF-8... done
[   34.952869] cloud-init[1364]: Generation complete.
[   35.846205] cloud-init[1364]: Cloud-init v. 19.4-33-gbb4131a2-0ubuntu1~16.04.1 running 'modules:config' at Thu, 18 Jun 2020 09:15:46 +0000. Up 23.43 seconds.
ci-info: no authorized SSH keys fingerprints found for user ubuntu.
<14>Jun 18 09:15:59 ec2: 
<14>Jun 18 09:15:59 ec2: #############################################################
<14>Jun 18 09:15:59 ec2: -----BEGIN SSH HOST KEY FINGERPRINTS-----
<14>Jun 18 09:15:59 ec2: 1024 SHA256:fT6qH2fgQxC9fFpBX5xmc1OTjILzeGVrcYDOCd/ytZw root@ubuntu-xenial (DSA)
<14>Jun 18 09:15:59 ec2: 256 SHA256:efPxVwmco6Ztqeuw5zfulbUzbxkw4nFgwLkCQ9u9uW4 root@ubuntu-xenial (ECDSA)
<14>Jun 18 09:15:59 ec2: 256 SHA256:mU8u1lUEJ8Jbkm6U0wgljieypmVM5qZ8Iz+UVsNMaN4 root@ubuntu-xenial (ED25519)
<14>Jun 18 09:15:59 ec2: 2048 SHA256:DX7pix4Va83NGkJ9S7q9hkmyXu99we1JwS1Fda7be8g root@ubuntu-xenial (RSA)
<14>Jun 18 09:15:59 ec2: -----END SSH HOST KEY FINGERPRINTS-----
<14>Jun 18 09:15:59 ec2: #############################################################
-----BEGIN SSH HOST KEY KEYS-----
ecdsa-sha2-nistp256 AAAAE2VjZHNhLXNoYTItbmlzdHAyNTYAAAAIbmlzdHAyNTYAAABBBOQsMCUjZU0gXLdIsdrtVmKprVyfyEKFLD5SQ0d949CE7xnXcm8DKXfjMH7bS3iOEt0tAjWfBxZ3oulCdXUH6R8= root@ubuntu-xenial
ssh-ed25519 AAAAC3NzaC1lZDI1NTE5AAAAID1H5+Q+UzxZeWbzl/7aKyiIy57nGFWF202SNzWlrLlC root@ubuntu-xenial
ssh-rsa AAAAB3NzaC1yc2EAAAADAQABAAABAQCwUMs2GCzE/yJyRzbKm2/mfTVzvntzEuocYaqTXAy+PFodIxO8y6AXj4BvYSEj2F/BhdNP4Y+UnIyGbg0iINs9eqEORlshrdvTFB2xlB9Ue+obBAm0TFhbIph3iG27+3XZvRTTLlcQaPhs6qaw+DR3RRBS+kM/XWJRc55lgzpazqbs6Ovw5nTnpDQQAyRkdcYyhiBF7ryhfPM7xepGaoxZ9zimC1dVJ1rg7xMHh3awyEn1kLV1sSGKpaxbfbA3fFO1ZrInFKmdwabuiM4HcxGS9mD0IjTqEVNEHndoN7bHmmFxO2sxbJGtcJXLTU8Lxv6FbL8psaBse/XcKwsIwibD root@ubuntu-xenial
-----END SSH HOST KEY KEYS-----
[   37.007981] cloud-init[1589]: Cloud-init v. 19.4-33-gbb4131a2-0ubuntu1~16.04.1 running 'modules:final' at Thu, 18 Jun 2020 09:15:59 +0000. Up 36.76 seconds.
[   37.009771] cloud-init[1589]: ci-info: no authorized SSH keys fingerprints found for user ubuntu.
[   37.010879] cloud-init[1589]: Cloud-init v. 19.4-33-gbb4131a2-0ubuntu1~16.04.1 finished at Thu, 18 Jun 2020 09:15:59 +0000. Datasource DataSourceNoCloud [seed=/dev/sdb][dsmode=net].  Up 36.99 seconds
